Last login: Sun Nov  6 06:27:17 on ttys000
chruby: unknown Ruby: ruby-3.1.1
(base) douglasbothwell@Douglas Bothwell ~ % cd /Users/douglasbothwell/Desktop/docu-test/hd-convert/IN_html
(base) douglasbothwell@Douglas Bothwell IN_html % git status
On branch add-json-for-top-categories
Changes not staged for commit:
  (use "git add/rm <file>..." to update what will be committed)
  (use "git restore <file>..." to discard changes in working directory)
	modified:   ../01-gen-markdown.sh
	deleted:    gen-md.py
	deleted:    ../get-image-refs.DEV.py

Untracked files:
  (use "git add <file>..." to include in what will be committed)
	gen-categories.py
	gen-markdown.py
	gen-md.BAD.py
	harness-platform/
	new-cateogories.TEST.log
	../STAGE_docs/get-image-refs.DEV.py

no changes added to commit (use "git add" and/or "git commit -a")
(base) douglasbothwell@Douglas Bothwell IN_html % ls
README.md			gen-categories.py		gen-markdown.py			gen-md.BAD.py			harness-platform		new-cateogories.TEST.log
(base) douglasbothwell@Douglas Bothwell IN_html % cd ..
(base) douglasbothwell@Douglas Bothwell hd-convert % ls
00_init.sh			03-update-links.ARTICLE.sh	OUT_markdown			_data				test-archive
01-gen-markdown.sh		04-update-links.CATEGORY.sh	README.md			_logs
02-get-images.sh		IN_html				STAGE_docs			_scratch
(base) douglasbothwell@Douglas Bothwell hd-convert % ./01-gen-markdown.sh
  % Total    % Received % Xferd  Average Speed   Time    Time     Time  Current
                                 Dload  Upload   Total   Spent    Left  Speed
100 1232k    0 1232k    0     0  1196k      0 --:--:--  0:00:01 --:--:-- 1198k
Contents of IN_html:
README.md			gen-categories.py		gen-markdown.py			gen-md.BAD.py			harness-platform		new-cateogories.TEST.log
rm: ../_logs/01a-gen-markdown.log: No such file or directory
RM: ../_logs/01b-gen-categories.log: No such file or directory
Starting python script: 
python script ended.
Contents of OUT_markdown/MODULE_NAME:
_category_.json			delegate-guide			gitexp-category			pipelines			rbac				secrets-and-secret-management
access-management		delegate-install-docker		gov-howtos			pipelines-using-yaml		ref-access-management		security-auditing
approval-ref			delegate-install-kubernetes	harness-platform		platform-concepts		ref-cloud-providers		templates
approvals-category		delegate-reference		install-delegate		platform-general-reference	ref-delegates			trigger-category
concept-proj-orgs		delegates			manage-notifications		platform-how-tos		ref-security			variables-category
connectors			expressions-howtos		next-gen-harness-api		platform-quickstarts		ref-source-repo-provider
dashboards-custom		gitexp				pipeline-steps-reference	platform-technical-reference	ref-tags
(base) douglasbothwell@Douglas Bothwell hd-convert % 
(base) douglasbothwell@Douglas Bothwell hd-convert % 
(base) douglasbothwell@Douglas Bothwell hd-convert % 
(base) douglasbothwell@Douglas Bothwell hd-convert % ls *.sh
00_init.sh			01-gen-markdown.sh		02-get-images.sh		03-update-links.ARTICLE.sh	04-update-links.CATEGORY.sh
(base) douglasbothwell@Douglas Bothwell hd-convert % ./02-get-images.sh
========================================
Running ./STAGE_docs/get-images.DEV.py:
========================================
README.md			gen-markdown.py			harness-platform
gen-categories.py		gen-md.BAD.py			new-cateogories.TEST.log
rm: ../_logs/get-images.log: No such file or directory
Starting python script: 
Traceback (most recent call last):
  File "/Users/douglasbothwell/Desktop/docu-test/hd-convert/STAGE_docs/get-images.DEV.py", line 136, in <module>
    updateImageRefsInFile(os.path.abspath(mdFileName))         
  File "/Users/douglasbothwell/Desktop/docu-test/hd-convert/STAGE_docs/get-images.DEV.py", line 107, in updateImageRefsInFile
    if getImage(imgURL, imgFileName, mdFileName) != False: 
  File "/Users/douglasbothwell/Desktop/docu-test/hd-convert/STAGE_docs/get-images.DEV.py", line 25, in getImage
    addImageRefToCatalog(imgURL, mdFile)
  File "/Users/douglasbothwell/Desktop/docu-test/hd-convert/STAGE_docs/get-images.DEV.py", line 68, in addImageRefToCatalog
    print('Image filename:      ', imageFileNameFull)
NameError: name 'imageFileNameFull' is not defined
python script ended, images updated.
========================================
(base) douglasbothwell@Douglas Bothwell hd-convert % ./02-get-images.sh
========================================
Running ./STAGE_docs/get-images.DEV.py:
========================================
README.md			gen-markdown.py			harness-platform
gen-categories.py		gen-md.BAD.py			new-cateogories.TEST.log
Starting python script: 
python script ended, images updated.
========================================
(base) douglasbothwell@Douglas Bothwell hd-convert % ls *.sh           
00_init.sh			01-gen-markdown.sh		02-get-images.sh		03-update-links.ARTICLE.sh	04-update-links.CATEGORY.sh
(base) douglasbothwell@Douglas Bothwell hd-convert % ./03-update-links.ARTICLE.sh
========================================
Running ./STAGE_docs/get-images.DEV.py:
========================================
rm: ../_logs/update-links.log: No such file or directory
Starting python script: 
python script ended, links updated.
========================================
(base) douglasbothwell@Douglas Bothwell hd-convert % ./03-update-links.ARTICLE.sh
========================================
Running ./STAGE_docs/get-images.DEV.py:
========================================
rm: ../_logs/update-links.log: No such file or directory
Starting python script: 
python script ended, links updated.
========================================
(base) douglasbothwell@Douglas Bothwell hd-convert % ./04-update-links.CATEGORY.sh
========================================
Running ./STAGE_docs/get-images.DEV.py:
========================================
README.md			gen-markdown.py			harness-platform
gen-categories.py		gen-md.BAD.py			new-cateogories.TEST.log
rm: ../_logs/update-links.CATEGORY.log: No such file or directory
Starting python script: 
python script ended, links updated.
========================================
(base) douglasbothwell@Douglas Bothwell hd-convert % ./01-gen-markdown.sh         
  % Total    % Received % Xferd  Average Speed   Time    Time     Time  Current
                                 Dload  Upload   Total   Spent    Left  Speed
100 1232k    0 1232k    0     0  1195k      0 --:--:--  0:00:01 --:--:-- 1197k
Contents of IN_html:
README.md			gen-categories.py		gen-md.BAD.py
ci-category			gen-markdown.py			new-cateogories.TEST.log
RM: ../_logs/01b-gen-categories.log: No such file or directory
Starting python script: 
python script ended.
Contents of OUT_markdown/MODULE_NAME:
_category_.json			ci-concepts			codebase-configuration		set-up-build-infrastructure	view-your-builds
build-and-upload-artifacts	ci-how-tos			drone-category			set-up-test-intelligence
caching-ci-data			ci-quickstarts			execute-ci-pipelines		troubleshoot
ci-category			ci-technical-reference		run-ci-scripts			use-drone-plugins
(base) douglasbothwell@Douglas Bothwell hd-convert % 
(base) douglasbothwell@Douglas Bothwell hd-convert % 
(base) douglasbothwell@Douglas Bothwell hd-convert % cd /Users/douglasbothwell/Desktop/docu-test/hd-convert/_test-files/images-regex-test
(base) douglasbothwell@Douglas Bothwell images-regex-test % ls
docs			get-images.DEV.py
(base) douglasbothwell@Douglas Bothwell images-regex-test % python3 ls            
python3: can't open file '/Users/douglasbothwell/Desktop/docu-test/hd-convert/_test-files/images-regex-test/ls': [Errno 2] No such file or directory
(base) douglasbothwell@Douglas Bothwell images-regex-test % ls
docs			get-images.TEST.py
(base) douglasbothwell@Douglas Bothwell images-regex-test % python3 get-images.TEST.py > test.log
(base) douglasbothwell@Douglas Bothwell images-regex-test % python3 get-images.TEST.py > test.log
(base) douglasbothwell@Douglas Bothwell images-regex-test % cd /Users/douglasbothwell/Desktop/docu-test/_harness-html-input
(base) douglasbothwell@Douglas Bothwell _harness-html-input % git pull
fatal: not a git repository (or any of the parent directories): .git
(base) douglasbothwell@Douglas Bothwell _harness-html-input % cd /Users/douglasbothwell/Desktop/docu-test/developer-hub
(base) douglasbothwell@Douglas Bothwell developer-hub % git pull
remote: Enumerating objects: 22, done.
remote: Counting objects: 100% (22/22), done.
remote: Compressing objects: 100% (15/15), done.
remote: Total 22 (delta 10), reused 19 (delta 7), pack-reused 0
Unpacking objects: 100% (22/22), 3.46 KiB | 118.00 KiB/s, done.
From https://github.com/harness/developer-hub
   71481f7..c94a23e  hosted-build-docs -> origin/hosted-build-docs
Already up to date.
(base) douglasbothwell@Douglas Bothwell developer-hub % cd /Users/douglasbothwell/Desktop/docu-test/TEST-008/developer-hub
(base) douglasbothwell@Douglas Bothwell developer-hub % ls
CONTRIBUTING.md		babel.config.js		docusaurus.config.js	sidebars.js		tsconfig.json
LICENSE			config.json		package.json		src			tutorials
README.md		docs			plugins			static			yarn.lock
(base) douglasbothwell@Douglas Bothwell developer-hub % npm install --global yarn

changed 1 package, and audited 2 packages in 505ms

found 0 vulnerabilities
(base) douglasbothwell@Douglas Bothwell developer-hub % yarn
yarn install v1.22.19
[1/5] üîç  Validating package.json...
[2/5] üîç  Resolving packages...
[3/5] üöö  Fetching packages...
[4/5] üîó  Linking dependencies...
warning "@docusaurus/core > react-loadable-ssr-addon-v5-slorber@1.0.1" has unmet peer dependency "react-loadable@*".
warning "@docusaurus/preset-classic > @docusaurus/theme-search-algolia > @docsearch/react > @algolia/autocomplete-preset-algolia@1.7.1" has unmet peer dependency "@algolia/client-search@^4.9.1".
warning "docusaurus-plugin-sass > sass-loader@10.3.1" has unmet peer dependency "webpack@^4.36.0 || ^5.0.0".
[5/5] üî®  Building fresh packages...
‚ú®  Done in 8.89s.
(base) douglasbothwell@Douglas Bothwell developer-hub % yarn start
yarn run v1.22.19
$ docusaurus start
[INFO] Starting the development server...
[ERROR] Error while parsing Markdown front matter.
This can happen if you use special characters in front matter values (try using double quotes around that value).
[ERROR] Error while parsing Markdown front matter.
This can happen if you use special characters in front matter values (try using double quotes around that value).
[ERROR] Error while parsing Markdown front matter.
This can happen if you use special characters in front matter values (try using double quotes around that value).
[ERROR] Error while parsing Markdown front matter.
This can happen if you use special characters in front matter values (try using double quotes around that value).
[ERROR] Error while parsing Markdown front matter.
This can happen if you use special characters in front matter values (try using double quotes around that value).
[ERROR] Error while parsing Markdown front matter.
This can happen if you use special characters in front matter values (try using double quotes around that value).
[ERROR] Error while parsing Markdown front matter.
This can happen if you use special characters in front matter values (try using double quotes around that value).
[ERROR] Loading of version failed for version current
[ERROR] Error: Can't process doc metadata for doc at path path=/Users/douglasbothwell/Desktop/docu-test/TEST-008/developer-hub/docs/harness-platform/platform-how-tos/pipelines/looping-strategies-matrix-repeat-and-parallelism.md in version name=current
    at processDocMetadata (/Users/douglasbothwell/Desktop/docu-test/TEST-008/developer-hub/node_modules/@docusaurus/plugin-content-docs/lib/docs.js:200:15)
    at async Promise.all (index 149)
[INFO] Docusaurus version: 2.2.0
Node version: v18.11.0
error Command failed with exit code 1.
info Visit https://yarnpkg.com/en/docs/cli/run for documentation about this command.
(base) douglasbothwell@Douglas Bothwell developer-hub % yarn start
yarn run v1.22.19
$ docusaurus start
[INFO] Starting the development server...
[ERROR] Error while parsing Markdown front matter.
This can happen if you use special characters in front matter values (try using double quotes around that value).
[ERROR] Error while parsing Markdown front matter.
This can happen if you use special characters in front matter values (try using double quotes around that value).
[ERROR] Error while parsing Markdown front matter.
This can happen if you use special characters in front matter values (try using double quotes around that value).
[ERROR] Error while parsing Markdown front matter.
This can happen if you use special characters in front matter values (try using double quotes around that value).
[ERROR] Error while parsing Markdown front matter.
This can happen if you use special characters in front matter values (try using double quotes around that value).
[ERROR] Error while parsing Markdown front matter.
This can happen if you use special characters in front matter values (try using double quotes around that value).
[ERROR] Loading of version failed for version current
[ERROR] Error: Can't process doc metadata for doc at path path=/Users/douglasbothwell/Desktop/docu-test/TEST-008/developer-hub/docs/harness-platform/platform-technical-reference/gitexp-category/manage-a-harness-pipeline-repo-using-git-experience.md in version name=current
    at processDocMetadata (/Users/douglasbothwell/Desktop/docu-test/TEST-008/developer-hub/node_modules/@docusaurus/plugin-content-docs/lib/docs.js:200:15)
    at async Promise.all (index 218)
[INFO] Docusaurus version: 2.2.0
Node version: v18.11.0
error Command failed with exit code 1.
info Visit https://yarnpkg.com/en/docs/cli/run for documentation about this command.
(base) douglasbothwell@Douglas Bothwell developer-hub % pwd
/Users/douglasbothwell/Desktop/docu-test/TEST-008/developer-hub
(base) douglasbothwell@Douglas Bothwell developer-hub % npm install --global yarn

changed 1 package, and audited 2 packages in 385ms

found 0 vulnerabilities
(base) douglasbothwell@Douglas Bothwell developer-hub % yarn                     
yarn install v1.22.19
[1/5] üîç  Validating package.json...
[2/5] üîç  Resolving packages...
success Already up-to-date.
‚ú®  Done in 0.17s.
(base) douglasbothwell@Douglas Bothwell developer-hub % yarn start               
yarn run v1.22.19
$ docusaurus start
[INFO] Starting the development server...
[ERROR] Error while parsing Markdown front matter.
This can happen if you use special characters in front matter values (try using double quotes around that value).
[ERROR] Error while parsing Markdown front matter.
This can happen if you use special characters in front matter values (try using double quotes around that value).
[ERROR] Error while parsing Markdown front matter.
This can happen if you use special characters in front matter values (try using double quotes around that value).
[ERROR] Error while parsing Markdown front matter.
This can happen if you use special characters in front matter values (try using double quotes around that value).
[ERROR] Error while parsing Markdown front matter.
This can happen if you use special characters in front matter values (try using double quotes around that value).
[ERROR] Loading of version failed for version current
[ERROR] Error: Can't process doc metadata for doc at path path=/Users/douglasbothwell/Desktop/docu-test/TEST-008/developer-hub/docs/harness-platform/platform-technical-reference/pipeline-steps-reference/yaml-reference-cd-pipeline.md in version name=current
    at processDocMetadata (/Users/douglasbothwell/Desktop/docu-test/TEST-008/developer-hub/node_modules/@docusaurus/plugin-content-docs/lib/docs.js:200:15)
    at async Promise.all (index 208)
[INFO] Docusaurus version: 2.2.0
Node version: v18.11.0
error Command failed with exit code 1.
info Visit https://yarnpkg.com/en/docs/cli/run for documentation about this command.
(base) douglasbothwell@Douglas Bothwell developer-hub % npm install --global yarn

changed 1 package, and audited 2 packages in 603ms

found 0 vulnerabilities
(base) douglasbothwell@Douglas Bothwell developer-hub % yarn                     
yarn install v1.22.19
[1/5] üîç  Validating package.json...
[2/5] üîç  Resolving packages...
success Already up-to-date.
‚ú®  Done in 0.17s.
(base) douglasbothwell@Douglas Bothwell developer-hub % yarn start               
yarn run v1.22.19
$ docusaurus start
[INFO] Starting the development server...
[ERROR] Error while parsing Markdown front matter.
This can happen if you use special characters in front matter values (try using double quotes around that value).
[ERROR] Error while parsing Markdown front matter.
This can happen if you use special characters in front matter values (try using double quotes around that value).
[ERROR] Error while parsing Markdown front matter.
This can happen if you use special characters in front matter values (try using double quotes around that value).
[ERROR] Error while parsing Markdown front matter.
This can happen if you use special characters in front matter values (try using double quotes around that value).
[ERROR] Loading of version failed for version current
[ERROR] Error: Can't process doc metadata for doc at path path=/Users/douglasbothwell/Desktop/docu-test/TEST-008/developer-hub/docs/harness-platform/platform-how-tos/delegates/delegate-reference/example-harness-delegate-yaml.md in version name=current
    at processDocMetadata (/Users/douglasbothwell/Desktop/docu-test/TEST-008/developer-hub/node_modules/@docusaurus/plugin-content-docs/lib/docs.js:200:15)
    at async Promise.all (index 258)
[INFO] Docusaurus version: 2.2.0
Node version: v18.11.0
error Command failed with exit code 1.
info Visit https://yarnpkg.com/en/docs/cli/run for documentation about this command.
(base) douglasbothwell@Douglas Bothwell developer-hub % 
(base) douglasbothwell@Douglas Bothwell developer-hub % npm install --global yarn

changed 1 package, and audited 2 packages in 370ms

found 0 vulnerabilities
(base) douglasbothwell@Douglas Bothwell developer-hub % yarn start               
yarn run v1.22.19
$ docusaurus start
[INFO] Starting the development server...
[ERROR] Error while parsing Markdown front matter.
This can happen if you use special characters in front matter values (try using double quotes around that value).
[ERROR] Error while parsing Markdown front matter.
This can happen if you use special characters in front matter values (try using double quotes around that value).
[ERROR] Error while parsing Markdown front matter.
This can happen if you use special characters in front matter values (try using double quotes around that value).
[ERROR] Loading of version failed for version current
[ERROR] Error: Can't process doc metadata for doc at path path=/Users/douglasbothwell/Desktop/docu-test/TEST-008/developer-hub/docs/harness-platform/platform-how-tos/delegates/delegate-reference/example-kubernetes-manifest-harness-delegate.md in version name=current
    at processDocMetadata (/Users/douglasbothwell/Desktop/docu-test/TEST-008/developer-hub/node_modules/@docusaurus/plugin-content-docs/lib/docs.js:200:15)
    at async Promise.all (index 277)
[INFO] Docusaurus version: 2.2.0
Node version: v18.11.0
error Command failed with exit code 1.
info Visit https://yarnpkg.com/en/docs/cli/run for documentation about this command.
(base) douglasbothwell@Douglas Bothwell developer-hub % yarn start
yarn run v1.22.19
$ docusaurus start
[INFO] Starting the development server...
[SUCCESS] Docusaurus website is running at: http://localhost:3000/




‚óè Client ‚ñà‚ñà‚ñà‚ñà‚ñà‚ñà‚ñà‚ñà‚ñà‚ñà‚ñà‚ñà‚ñà‚ñà‚ñà‚ñà‚ñà‚ñà‚ñà‚ñà‚ñà‚ñà‚ñà‚ñà‚ñà building (46%) 2/3 entries 1268/1303 dependencies 136/577 modules 119 active 

‚óè Client ‚ñà‚ñà‚ñà‚ñà‚ñà‚ñà‚ñà‚ñà‚ñà‚ñà‚ñà‚ñà‚ñà‚ñà‚ñà‚ñà‚ñà‚ñà‚ñà‚ñà‚ñà‚ñà‚ñà‚ñà‚ñà building (46%) 2/3 entries 1300/1432 dependencies 136/581 modules 127 active 

‚óè Client ‚ñà‚ñà‚ñà‚ñà‚ñà‚ñà‚ñà‚ñà‚ñà‚ñà‚ñà‚ñà‚ñà‚ñà‚ñà‚ñà‚ñà‚ñà‚ñà‚ñà‚ñà‚ñà‚ñà‚ñà‚ñà building (46%) 2/3 entries 1572/1644 dependencies 136/686 modules 128 active 
 babel-loader ‚Ä∫ mdx-loader ‚Ä∫ docs/continuous-integration/use-ci/run-ci-scripts/clone-and-process-multiple-codebases-in-the-same-pipeline.md

[WARNING] Docs markdown link couldn't be resolved: (../../harness-platform/platform-technical-reference/pipeline-steps-reference/triggers-reference.md./docs/harness-platform/platform-technical-reference/pipeline-steps-reference/triggers-reference.md) in "/Users/douglasbothwell/Desktop/docu-test/TEST-008/developer-hub/docs/continuous-integration/ci-technical-reference/built-in-cie-codebase-variables-reference.md" for version current
[WARNING] Docs markdown link couldn't be resolved: (../../../harness-platform/platform-technical-reference/ref-access-management/permissions-reference.md./docs/harness-platform/platform-technical-reference/ref-access-management/permissions-referen
‚óè Client ‚ñà‚ñà‚ñà‚ñà‚ñà‚ñà‚ñà‚ñà‚ñà‚ñà‚ñà‚ñà‚ñà‚ñà‚ñà‚ñà‚ñà‚ñà‚ñà‚ñà‚ñà‚ñà‚ñà‚ñà‚ñà building (46%) 2/3 entries 1629/1644 dependencies 136/723 modules 199 active 
 babel-loader ‚Ä∫ mdx-loader ‚Ä∫ docs/harness-platform/platform-how-tos/delegates/delegate-guide/install-a-kubernetes-delegate.md

[WARNING] Docs markdown link couldn't be resolved: (../../harness-platform/platform-technical-reference/pipeline-steps-reference/triggers-reference.md./docs/harness-platform/platform-technical-reference/pipeline-steps-reference/triggers-reference.md) in "/Users/douglasbothwell/Desktop/docu-test/TEST-008/developer-hub/docs/continuous-integration/ci-technical-reference/built-in-cie-codebase-variables-reference.md" for version current
[WARNING] Docs markdown link couldn't be resolved: (../../../harness-platform/platform-technical-reference/ref-access-management/permissions-reference.md./docs/harness-platform/platform-technical-reference/ref-access-management/permissions-reference.md) in "/Users/douglasbothwell/Desktop/docu-test/TEST-008/developer-hub/docs/continuous-integration/use-ci/build-and-upload-artifacts/modify-and-override-build-settings-before-a-build.md" for version current
[WARNING] Docs markdown link couldn't be resolved: (../../../harness-platform/platform-how-tos/delegates/install-delegate/delegate-install-docker/install-a-docker-delegate.md./docs/harness-platform/platform-how-tos/delegates/install-delegate/delegate-install-docker/install-a-docker-delegate.md) in "/Users/douglasbothwell/Desktop/docu-test/TEST-008/developer-hub/docs/continuous-integration/use-ci/set-up-build-infrastructure/define-a-ci-build-infrastructure-in-azure.md" for version current

‚óè Client ‚ñà‚ñà‚ñà‚ñà‚ñà‚ñà‚ñà‚ñà‚ñà‚ñà‚ñà‚ñà‚ñà‚ñà‚ñà‚ñà‚ñà‚ñà‚ñà‚ñà‚ñà‚ñà‚ñà‚ñà‚ñà building (46%) 2/3 entries 1644/1644 dependencies 137/738 modules 212 active 
 babel-loader ‚Ä∫ mdx-loader ‚Ä∫ docs/harness-platform/platform-how-tos/expressions-howtos/add-a-variable.md

[WARNING] Docs markdown link couldn't be resolved: (../../harness-platform/platform-technical-reference/pipeline-steps-reference/triggers-reference.md./docs/harness-platform/platform-technical-reference/pipeline-steps-reference/triggers-reference.md) in "/Users/douglasbothwell/Desktop/docu-test/TEST-008/developer-hub/docs/continuous-integration/ci-technical-reference/built-in-cie-codebase-variables-reference.md" for version current
[WARNING] Docs markdown link couldn't be resolved: (../../../harness-platform/platform-technical-reference/ref-access-management/permissions-reference.md./docs/harness-platform/platform-technical-reference/ref-access-management/permissions-reference.md) in "/Users/douglasbothwell/Desktop/docu-test/TEST-008/developer-hub/docs/continuous-integration/use-ci/build-and-upload-artifacts/modify-and-override-build-settings-before-a-build.md" for version current
[WARNING] Docs markdown link couldn't be resolved: (../../../harness-platform/platform-how-tos/delegates/install-delegate/delegate-install-docker/install-a-docker-delegate.md./docs/harness-platform/platform-how-tos/delegates/install-delegate/delegate-install-docker/install-a-docker-delegate.md) in "/Users/douglasbothwell/Desktop/docu-test/TEST-008/developer-hub/docs/continuous-integration/use-ci/set-up-build-infrastructure/define-a-ci-build-infrastructure-in-azure.md" for version current

‚óè Client ‚ñà‚ñà‚ñà‚ñà‚ñà‚ñà‚ñà‚ñà‚ñà‚ñà‚ñà‚ñà‚ñà‚ñà‚ñà‚ñà‚ñà‚ñà‚ñà‚ñà‚ñà‚ñà‚ñà‚ñà‚ñà building (46%) 2/3 entries 1644/1644 dependencies 139/738 modules 211 active 
 babel-loader ‚Ä∫ mdx-loader ‚Ä∫ docs/harness-platform/platform-how-tos/expressions-howtos/extracting-characters-from-harness-variable-expressions.md

[WARNING] Docs markdown link couldn't be resolved: (../../harness-platform/platform-technical-reference/pipeline-steps-reference/triggers-reference.md./docs/harness-platform/platform-technical-reference/pipeline-steps-reference/triggers-reference.md) in "/Users/douglasbothwell/Desktop/docu-test/TEST-008/developer-hub/docs/continuous-integration/ci-technical-reference/built-in-cie-codebase-variables-reference.md" for version current
[WARNING] Docs markdown link couldn't be resolved: (../../../harness-platform/platform-technical-reference/ref-access-management/permissions-reference.md./docs/harness-platform/platform-technical-reference/ref-access-management/permissions-reference.md) in "/Users/douglasbothwell/Desktop/docu-test/TEST-008/developer-hub/docs/continuous-integration/use-ci/build-and-upload-artifacts/modify-and-override-build-settings-before-a-build.md" for version current
[WARNING] Docs markdown link couldn't be resolved: (../../../harness-platform/platform-how-tos/delegates/install-delegate/delegate-install-docker/install-a-docker-delegate.md./docs/harness-platform/platform-how-tos/delegates/install-delegate/delegate-install-docker/install-a-docker-delegate.md) in "/Users/douglasbothwell/Desktop/docu-test/TEST-008/developer-hub/docs/continuous-integration/use-ci/set-up-build-infrastructure/define-a-ci-build-infrastructure-in-azure.md" for version current

‚óè Client ‚ñà‚ñà‚ñà‚ñà‚ñà‚ñà‚ñà‚ñà‚ñà‚ñà‚ñà‚ñà‚ñà‚ñà‚ñà‚ñà‚ñà‚ñà‚ñà‚ñà‚ñà‚ñà‚ñà‚ñà‚ñà building (46%) 2/3 entries 1645/1700 dependencies 139/738 modules 227 active 
 babel-loader ‚Ä∫ mdx-loader ‚Ä∫ docs/harness-platform/platform-how-tos/gov-howtos/using-harness-policy-engine-for-feature-flags.md

[WARNING] Docs markdown link couldn't be resolved: (../../harness-platform/platform-technical-reference/pipeline-steps-reference/triggers-reference.md./docs/harness-platform/platform-technical-reference/pipeline-steps-reference/triggers-reference.md) in "/Users/douglasbothwell/Desktop/docu-test/TEST-008/developer-hub/docs/continuous-integration/ci-technical-reference/built-in-cie-codebase-variables-reference.md" for version current
[WARNING] Docs markdown link couldn't be resolved: (../../../harness-platform/platform-technical-reference/ref-access-management/permissions-reference.md./docs/harness-platform/platform-technical-reference/ref-access-management/permissions-reference.md) in "/Users/douglasbothwell/Desktop/docu-test/TEST-008/developer-hub/docs/continuous-integration/use-ci/build-and-upload-artifacts/modify-and-override-build-settings-before-a-build.md" for version current
[WARNING] Docs markdown link couldn't be resolved: (../../../harness-platform/platform-how-tos/delegates/install-delegate/delegate-install-docker/install-a-docker-delegate.md./docs/harness-platform/platform-how-tos/delegates/install-delegate/delegate-install-docker/install-a-docker-delegate.md) in "/Users/douglasbothwell/Desktop/docu-test/TEST-008/developer-hub/docs/continuous-integration/use-ci/set-up-build-infrastructure/define-a-ci-build-infrastructure-in-azure.md" for version current

‚óè Client ‚ñà‚ñà‚ñà‚ñà‚ñà‚ñà‚ñà‚ñà‚ñà‚ñà‚ñà‚ñà‚ñà‚ñà‚ñà‚ñà‚ñà‚ñà‚ñà‚ñà‚ñà‚ñà‚ñà‚ñà‚ñà building (46%) 2/3 entries 1767/1900 dependencies 139/738 modules 227 active 
 babel-loader ‚Ä∫ mdx-loader ‚Ä∫ docs/harness-platform/platform-how-tos/gov-howtos/using-harness-policy-engine-for-feature-flags.md

[WARNING] Docs markdown link couldn't be resolved: (../../harness-platform/platform-technical-reference/pipeline-steps-reference/triggers-reference.md./docs/harness-platform/platform-technical-reference/pipeline-steps-reference/triggers-reference.md) in "/Users/douglasbothwell/Desktop/docu-test/TEST-008/developer-hub/docs/continuous-integration/ci-technical-reference/built-in-cie-codebase-variables-reference.md" for version current
[WARNING] Docs markdown link couldn't be resolved: (../../../harness-platform/platform-technical-reference/ref-access-management/permissions-reference.md./docs/harness-platform/platform-technical-reference/ref-access-management/permissions-reference.md) in "/Users/douglasbothwell/Desktop/docu-test/TEST-008/developer-hub/docs/continuous-integration/use-ci/build-and-upload-artifacts/modify-and-override-build-settings-before-a-build.md" for version current
[WARNING] Docs markdown link couldn't be resolved: (../../../harness-platform/platform-how-tos/delegates/install-delegate/delegate-install-docker/install-a-docker-delegate.md./docs/harness-platform/platform-how-tos/delegates/install-delegate/delegate-install-docker/install-a-docker-delegate.md) in "/Users/douglasbothwell/Desktop/docu-test/TEST-008/developer-hub/docs/continuous-integration/use-ci/set-up-build-infrastructure/define-a-ci-build-infrastructure-in-azure.md" for version current

‚óè Client ‚ñà‚ñà‚ñà‚ñà‚ñà‚ñà‚ñà‚ñà‚ñà‚ñà‚ñà‚ñà‚ñà‚ñà‚ñà‚ñà‚ñà‚ñà‚ñà‚ñà‚ñà‚ñà‚ñà‚ñà‚ñà building (46%) 2/3 entries 1938/1981 dependencies 139/738 modules 281 active 
 babel-loader ‚Ä∫ mdx-loader ‚Ä∫ docs/harness-platform/platform-how-tos/variables-category/harness-variables.md

[WARNING] Docs markdown link couldn't be resolved: (../../harness-platform/platform-technical-reference/pipeline-steps-reference/triggers-reference.md./docs/harness-platform/platform-technical-reference/pipeline-steps-reference/triggers-reference.md) in "/Users/douglasbothwell/Desktop/docu-test/TEST-008/developer-hub/docs/continuous-integration/ci-technical-reference/built-in-cie-codebase-variables-reference.md" for version current
[WARNING] Docs markdown link couldn't be resolved: (../../../harness-platform/platform-technical-reference/ref-access-management/permissions-reference.md./docs/harness-platform/platform-technical-reference/ref-access-management/permissions-reference.md) in "/Users/douglasbothwell/Desktop/docu-test/TEST-008/developer-hub/docs/continuous-integration/use-ci/build-and-upload-artifacts/modify-and-override-build-settings-before-a-build.md" for version current
[WARNING] Docs markdown link couldn't be resolved: (../../../harness-platform/platform-how-tos/delegates/install-delegate/delegate-install-docker/install-a-docker-delegate.md./docs/harness-platform/platform-how-tos/delegates/install-delegate/delegate-install-docker/install-a-docker-delegate.md) in "/Users/douglasbothwell/Desktop/docu-test/TEST-008/developer-hub/docs/continuous-integration/use-ci/set-up-build-infrastructure/define-a-ci-build-infrastructure-in-azure.md" for version current

‚óè Client ‚ñà‚ñà‚ñà‚ñà‚ñà‚ñà‚ñà‚ñà‚ñà‚ñà‚ñà‚ñà‚ñà‚ñà‚ñà‚ñà‚ñà‚ñà‚ñà‚ñà‚ñà‚ñà‚ñà‚ñà‚ñà building (46%) 2/3 entries 1981/1981 dependencies 139/775 modules 285 active 
 babel-loader ‚Ä∫ mdx-loader ‚Ä∫ docs/harness-platform/platform-quickstarts/harness-yaml-quickstart.md

[WARNING] Docs markdown link couldn't be resolved: (../../harness-platform/platform-technical-reference/pipeline-steps-reference/triggers-reference.md./docs/harness-platform/platform-technical-reference/pipeline-steps-reference/triggers-reference.md) in "/Users/douglasbothwell/Desktop/docu-test/TEST-008/developer-hub/docs/continuous-integration/ci-technical-reference/built-in-cie-codebase-variables-reference.md" for version current
[WARNING] Docs markdown link couldn't be resolved: (../../../harness-platform/platform-technical-reference/ref-access-management/permissions-reference.md./docs/harness-platform/platform-technical-reference/ref-access-management/permissions-reference.md) in "/Users/douglasbothwell/Desktop/docu-test/TEST-008/developer-hub/docs/continuous-integration/use-ci/build-and-upload-artifacts/modify-and-override-build-settings-before-a-build.md" for version current
[WARNING] Docs markdown link couldn't be resolved: (../../../harness-platform/platform-how-tos/delegates/install-delegate/delegate-install-docker/install-a-docker-delegate.md./docs/harness-platform/platform-how-tos/delegates/install-delegate/delegate-install-docker/install-a-docker-delegate.md) in "/Users/douglasbothwell/Desktop/docu-test/TEST-008/developer-hub/docs/continuous-integration/use-ci/set-up-build-infrastructure/define-a-ci-build-infrastructure-in-azure.md" for version current

‚óè Client ‚ñà‚ñà‚ñà‚ñà‚ñà‚ñà‚ñà‚ñà‚ñà‚ñà‚ñà‚ñà‚ñà‚ñà‚ñà‚ñà‚ñà‚ñà‚ñà‚ñà‚ñà‚ñà‚ñà‚ñà‚ñà building (46%) 2/3 entries 1981/1981 dependencies 139/775 modules 291 active 
 babel-loader ‚Ä∫ mdx-loader ‚Ä∫ docs/harness-platform/platform-technical-reference/gitexp-category/import-input-sets.md

[WARNING] Docs markdown link couldn't be resolved: (../../harness-platform/platform-technical-reference/pipeline-steps-reference/triggers-reference.md./docs/harness-platform/platform-technical-reference/pipeline-steps-reference/triggers-reference.md) in "/Users/douglasbothwell/Desktop/docu-test/TEST-008/developer-hub/docs/continuous-integration/ci-technical-reference/built-in-cie-codebase-variables-reference.md" for version current
[WARNING] Docs markdown link couldn't be resolved: (../../../harness-platform/platform-technical-reference/ref-access-management/permissions-reference.md./docs/harness-platform/platform-technical-reference/ref-access-management/permissions-reference.md) in "/Users/douglasbothwell/Desktop/docu-test/TEST-008/developer-hub/docs/continuous-integration/use-ci/build-and-upload-artifacts/modify-and-override-build-settings-before-a-build.md" for version current
[WARNING] Docs markdown link couldn't be resolved: (../../../harness-platform/platform-how-tos/delegates/install-delegate/delegate-install-docker/install-a-docker-delegate.md./docs/harness-platform/platform-how-tos/delegates/install-delegate/delegate-install-docker/install-a-docker-delegate.md) in "/Users/douglasbothwell/Desktop/docu-test/TEST-008/developer-hub/docs/continuous-integration/use-ci/set-up-build-infrastructure/define-a-ci-build-infrastructure-in-azure.md" for version current

‚óè Client ‚ñà‚ñà‚ñà‚ñà‚ñà‚ñà‚ñà‚ñà‚ñà‚ñà‚ñà‚ñà‚ñà‚ñà‚ñà‚ñà‚ñà‚ñà‚ñà‚ñà‚ñà‚ñà‚ñà‚ñà‚ñà building (46%) 2/3 entries 1981/1981 dependencies 140/775 modules 327 active 
 babel-loader ‚Ä∫ mdx-loader ‚Ä∫ docs/service-reliability-management.md

[WARNING] Docs markdown link couldn't be resolved: (../../harness-platform/platform-technical-reference/pipeline-steps-reference/triggers-reference.md./docs/harness-platform/platform-technical-reference/pipeline-steps-reference/triggers-reference.md) in "/Users/douglasbothwell/Desktop/docu-test/TEST-008/developer-hub/docs/continuous-integration/ci-technical-reference/built-in-cie-codebase-variables-reference.md" for version current
[WARNING] Docs markdown link couldn't be resolved: (../../../harness-platform/platform-technical-reference/ref-access-management/permissions-reference.md./docs/harness-platform/platform-technical-reference/ref-access-management/permissions-reference.md) in "/Users/douglasbothwell/Desktop/docu-test/TEST-008/developer-hub/docs/continuous-integration/use-ci/build-and-upload-artifacts/modify-and-override-build-settings-before-a-build.md" for version current
[WARNING] Docs markdown link couldn't be resolved: (../../../harness-platform/platform-how-tos/delegates/install-delegate/delegate-install-docker/install-a-docker-delegate.md./docs/harness-platform/platform-how-tos/delegates/install-delegate/delegate-install-docker/install-a-docker-delegate.md) in "/Users/douglasbothwell/Desktop/docu-test/TEST-008/developer-hub/docs/continuous-integration/use-ci/set-up-build-infrastructure/define-a-ci-build-infrastructure-in-azure.md" for version current

‚óè Client ‚ñà‚ñà‚ñà‚ñà‚ñà‚ñà‚ñà‚ñà‚ñà‚ñà‚ñà‚ñà‚ñà‚ñà‚ñà‚ñà‚ñà‚ñà‚ñà‚ñà‚ñà‚ñà‚ñà‚ñà‚ñà building (46%) 2/3 entries 1981/2000 dependencies 140/775 modules 327 active 
 babel-loader ‚Ä∫ mdx-loader ‚Ä∫ docs/service-reliability-management.md

[WARNING] Docs markdown link couldn't be resolved: (../../harness-platform/platform-technical-reference/pipeline-steps-reference/triggers-reference.md./docs/harness-platform/platform-technical-reference/pipeline-steps-reference/triggers-reference.md) in "/Users/douglasbothwell/Desktop/docu-test/TEST-008/developer-hub/docs/continuous-integration/ci-technical-reference/built-in-cie-codebase-variables-reference.md" for version current
[WARNING] Docs markdown link couldn't be resolved: (../../../harness-platform/platform-technical-reference/ref-access-management/permissions-reference.md./docs/harness-platform/platform-technical-reference/ref-access-management/permissions-reference.md) in "/Users/douglasbothwell/Desktop/docu-test/TEST-008/developer-hub/docs/continuous-integration/use-ci/build-and-upload-artifacts/modify-and-override-build-settings-before-a-build.md" for version current
[WARNING] Docs markdown link couldn't be resolved: (../../../harness-platform/platform-how-tos/delegates/install-delegate/delegate-install-docker/install-a-docker-delegate.md./docs/harness-platform/platform-how-tos/delegates/install-delegate/delegate-install-docker/install-a-docker-delegate.md) in "/Users/douglasbothwell/Desktop/docu-test/TEST-008/developer-hub/docs/continuous-integration/use-ci/set-up-build-infrastructure/define-a-ci-build-infrastructure-in-azure.md" for version current

‚óè Client ‚ñà‚ñà‚ñà‚ñà‚ñà‚ñà‚ñà‚ñà‚ñà‚ñà‚ñà‚ñà‚ñà‚ñà‚ñà‚ñà‚ñà‚ñà‚ñà‚ñà‚ñà‚ñà‚ñà‚ñà‚ñà building (46%) 2/3 entries 2100/2164 dependencies 140/775 modules 327 active 
 babel-loader ‚Ä∫ mdx-loader ‚Ä∫ docs/service-reliability-management.md

[WARNING] Docs markdown link couldn't be resolved: (../../harness-platform/platform-technical-reference/pipeline-steps-reference/triggers-reference.md./docs/harness-platform/platform-technical-reference/pipeline-steps-reference/triggers-reference.md) in "/Users/douglasbothwell/Desktop/docu-test/TEST-008/developer-hub/docs/continuous-integration/ci-technical-reference/built-in-cie-codebase-variables-reference.md" for version current
[WARNING] Docs markdown link couldn't be resolved: (../../../harness-platform/platform-technical-reference/ref-access-management/permissions-reference.md./docs/harness-platform/platform-technical-reference/ref-access-management/permissions-reference.md) in "/Users/douglasbothwell/Desktop/docu-test/TEST-008/developer-hub/docs/continuous-integration/use-ci/build-and-upload-artifacts/modify-and-override-build-settings-before-a-build.md" for version current
[WARNING] Docs markdown link couldn't be resolved: (../../../harness-platform/platform-how-tos/delegates/install-delegate/delegate-install-docker/install-a-docker-delegate.md./docs/harness-platform/platform-how-tos/delegates/install-delegate/delegate-install-docker/install-a-docker-delegate.md) in "/Users/douglasbothwell/Desktop/docu-test/TEST-008/developer-hub/docs/continuous-integration/use-ci/set-up-build-infrastructure/define-a-ci-build-infrastructure-in-azure.md" for version current

‚óè Client ‚ñà‚ñà‚ñà‚ñà‚ñà‚ñà‚ñà‚ñà‚ñà‚ñà‚ñà‚ñà‚ñà‚ñà‚ñà‚ñà‚ñà‚ñà‚ñà‚ñà‚ñà‚ñà‚ñà‚ñà‚ñà building (46%) 2/3 entries 2199/2278 dependencies 140/775 modules 328 active 
 babel-loader ‚Ä∫ mdx-loader ‚Ä∫ docs/legal/terms-of-use.md

[WARNING] Docs markdown link couldn't be resolved: (../../harness-platform/platform-technical-reference/pipeline-steps-reference/triggers-reference.md./docs/harness-platform/platform-technical-reference/pipeline-steps-reference/triggers-reference.md) in "/Users/douglasbothwell/Desktop/docu-test/TEST-008/developer-hub/docs/continuous-integration/ci-technical-reference/built-in-cie-codebase-variables-reference.md" for version current
[WARNING] Docs markdown link couldn't be resolved: (../../../harness-platform/platform-technical-reference/ref-access-management/permissions-reference.md./docs/harness-platform/platform-technical-reference/ref-access-management/permissions-reference.md) in "/Users/douglasbothwell/Desktop/docu-test/TEST-008/developer-hub/docs/continuous-integration/use-ci/build-and-upload-artifacts/modify-and-override-build-settings-before-a-build.md" for version current
[WARNING] Docs markdown link couldn't be resolved: (../../../harness-platform/platform-how-tos/delegates/install-delegate/delegate-install-docker/install-a-docker-delegate.md./docs/harness-platform/platform-how-tos/delegates/install-delegate/delegate-install-docker/install-a-docker-delegate.md) in "/Users/douglasbothwell/Desktop/docu-test/TEST-008/developer-hub/docs/continuous-integration/use-ci/set-up-build-infrastructure/define-a-ci-build-infrastructure-in-azure.md" for version current

‚óè Client ‚ñà‚ñà‚ñà‚ñà‚ñà‚ñà‚ñà‚ñà‚ñà‚ñà‚ñà‚ñà‚ñà‚ñà‚ñà‚ñà‚ñà‚ñà‚ñà‚ñà‚ñà‚ñà‚ñà‚ñà‚ñà building (46%) 2/3 entries 2281/2284 dependencies 207/775 modules 362 active 
 json|/Users/douglasbothwell/Desktop/docu-test/TEST-008/developer-hub/.docusaurus/docusaurus-plugin-content-docs/default/tag-tags-templates-a76.json

[WARNING] Docs markdown link couldn't be resolved: (../../harness-platform/platform-technical-reference/pipeline-steps-reference/triggers-reference.md./docs/harness-platform/platform-technical-reference/pipeline-steps-reference/triggers-reference.md) in "/Users/douglasbothwell/Desktop/docu-test/TEST-008/developer-hub/docs/continuous-integration/ci-technical-reference/built-in-cie-codebase-variables-reference.md" for version current
[WARNING] Docs markdown link couldn't be resolved: (../../../harness-platform/platform-technical-reference/ref-access-management/permissions-reference.md./docs/harness-platform/platform-technical-reference/ref-access-management/permissions-reference.md) in "/Users/douglasbothwell/Desktop/docu-test/TEST-008/developer-hub/docs/continuous-integration/use-ci/build-and-upload-artifacts/modify-and-override-build-settings-before-a-build.md" for version current
[WARNING] Docs markdown link couldn't be resolved: (../../../harness-platform/platform-how-tos/delegates/install-delegate/delegate-install-docker/install-a-docker-delegate.md./docs/harness-platform/platform-how-tos/delegates/install-delegate/delegate-install-docker/install-a-docker-delegate.md) in "/Users/douglasbothwell/Desktop/docu-test/TEST-008/developer-hub/docs/continuous-integration/use-ci/set-up-build-infrastructure/define-a-ci-build-infrastructure-in-azure.md" for version current

‚óè Client ‚ñà‚ñà‚ñà‚ñà‚ñà‚ñà‚ñà‚ñà‚ñà‚ñà‚ñà‚ñà‚ñà‚ñà‚ñà‚ñà‚ñà‚ñà‚ñà‚ñà‚ñà‚ñà‚ñà‚ñà‚ñà building (46%) 2/3 entries 2359/2472 dependencies 270/784 modules 372 active 
 babel-loader ‚Ä∫ node_modules/@docusaurus/plugin-debug/lib/theme/DebugLayout/index.js

[WARNING] Docs markdown link couldn't be resolved: (../../harness-platform/platform-technical-reference/pipeline-steps-reference/triggers-reference.md./docs/harness-platform/platform-technical-reference/pipeline-steps-reference/triggers-reference.md) in "/Users/douglasbothwell/Desktop/docu-test/TEST-008/developer-hub/docs/continuous-integration/ci-technical-reference/built-in-cie-codebase-variables-reference.md" for version current
[WARNING] Docs markdown link couldn't be resolved: (../../../harness-platform/platform-technical-reference/ref-access-management/permissions-reference.md./docs/harness-platform/platform-technical-reference/ref-access-management/permissions-reference.md) in "/Users/douglasbothwell/Desktop/docu-test/TEST-008/developer-hub/docs/continuous-integration/use-ci/build-and-upload-artifacts/modify-and-override-build-settings-before-a-build.md" for version current
[WARNING] Docs markdown link couldn't be resolved: (../../../harness-platform/platform-how-tos/delegates/install-delegate/delegate-install-docker/install-a-docker-delegate.md./docs/harness-platform/platform-how-tos/delegates/install-delegate/delegate-install-docker/install-a-docker-delegate.md) in "/Users/douglasbothwell/Desktop/docu-test/TEST-008/developer-hub/docs/continuous-integration/use-ci/set-up-build-infrastructure/define-a-ci-build-infrastructure-in-azure.md" for version current

‚óè Client ‚ñà‚ñà‚ñà‚ñà‚ñà‚ñà‚ñà‚ñà‚ñà‚ñà‚ñà‚ñà‚ñà‚ñà‚ñà‚ñà‚ñà‚ñà‚ñà‚ñà‚ñà‚ñà‚ñà‚ñà‚ñà building (46%) 2/3 entries 2426/2472 dependencies 286/792 modules 366 active 
 url-loader ‚Ä∫ docs/continuous-integration/ci-quickstarts/static/ci-pipeline-quickstart-20.png

[WARNING] Docs markdown link couldn't be resolved: (../../harness-platform/platform-technical-reference/pipeline-steps-reference/triggers-reference.md./docs/harness-platform/platform-technical-reference/pipeline-steps-reference/triggers-reference.md) in "/Users/douglasbothwell/Desktop/docu-test/TEST-008/developer-hub/docs/continuous-integration/ci-technical-reference/built-in-cie-codebase-variables-reference.md" for version current
[WARNING] Docs markdown link couldn't be resolved: (../../../harness-platform/platform-technical-reference/ref-access-management/permissions-reference.md./docs/harness-platform/platform-technical-reference/ref-access-management/permissions-reference.md) in "/Users/douglasbothwell/Desktop/docu-test/TEST-008/developer-hub/docs/continuous-integration/use-ci/build-and-upload-artifacts/modify-and-override-build-settings-before-a-build.md" for version current
[WARNING] Docs markdown link couldn't be resolved: (../../../harness-platform/platform-how-tos/delegates/install-delegate/delegate-install-docker/install-a-docker-delegate.md./docs/harness-platform/platform-how-tos/delegates/install-delegate/delegate-install-docker/install-a-docker-delegate.md) in "/Users/douglasbothwell/Desktop/docu-test/TEST-008/developer-hub/docs/continuous-integration/use-ci/set-up-build-infrastructure/define-a-ci-build-infrastructure-in-azure.md" for version current

‚óè Client ‚ñà‚ñà‚ñà‚ñà‚ñà‚ñà‚ñà‚ñà‚ñà‚ñà‚ñà‚ñà‚ñà‚ñà‚ñà‚ñà‚ñà‚ñà‚ñà‚ñà‚ñà‚ñà‚ñà‚ñà‚ñà building (46%) 2/3 entries 2431/2691 dependencies 322/794 modules 360 active 
 babel-loader ‚Ä∫ src/components/HarnessU/index.tsx

[WARNING] Docs markdown link couldn't be resolved: (../../harness-platform/platform-technical-reference/pipeline-steps-reference/triggers-reference.md./docs/harness-platform/platform-technical-reference/pipeline-steps-reference/triggers-reference.md) in "/Users/douglasbothwell/Desktop/docu-test/TEST-008/developer-hub/docs/continuous-integration/ci-technical-reference/built-in-cie-codebase-variables-reference.md" for version current
[WARNING] Docs markdown link couldn't be resolved: (../../../harness-platform/platform-technical-reference/ref-access-management/permissions-reference.md./docs/harness-platform/platform-technical-reference/ref-access-management/permissions-reference.md) in "/Users/douglasbothwell/Desktop/docu-test/TEST-008/developer-hub/docs/continuous-integration/use-ci/build-and-upload-artifacts/modify-and-override-build-settings-before-a-build.md" for version current
[WARNING] Docs markdown link couldn't be resolved: (../../../harness-platform/platform-how-tos/delegates/install-delegate/delegate-install-docker/install-a-docker-delegate.md./docs/harness-platform/platform-how-tos/delegates/install-delegate/delegate-install-docker/install-a-docker-delegate.md) in "/Users/douglasbothwell/Desktop/docu-test/TEST-008/developer-hub/docs/continuous-integration/use-ci/set-up-build-infrastructure/define-a-ci-build-infrastructure-in-azure.md" for version current

‚óè Client ‚ñà‚ñà‚ñà‚ñà‚ñà‚ñà‚ñà‚ñà‚ñà‚ñà‚ñà‚ñà‚ñà‚ñà‚ñà‚ñà‚ñà‚ñà‚ñà‚ñà‚ñà‚ñà‚ñà‚ñà‚ñà building (46%) 2/3 entries 2774/2866 dependencies 322/1089 modules 361 active 
 url-loader ‚Ä∫ docs/continuous-integration/ci-technical-reference/static/built-in-cie-codebase-variables-reference-512.png

[WARNING] Docs markdown link couldn't be resolved: (../../harness-platform/platform-technical-reference/pipeline-steps-reference/triggers-reference.md./docs/harness-platform/platform-technical-reference/pipeline-steps-reference/triggers-reference.md) in "/Users/douglasbothwell/Desktop/docu-test/TEST-008/developer-hub/docs/continuous-integration/ci-technical-reference/built-in-cie-codebase-variables-reference.md" for version current
[WARNING] Docs markdown link couldn't be resolved: (../../../harness-platform/platform-technical-reference/ref-access-management/permissions-reference.md./docs/harness-platform/platform-technical-reference/ref-access-management/permissions-reference.md) in "/Users/douglasbothwell/Desktop/docu-test/TEST-008/developer-hub/docs/continuous-integration/use-ci/build-and-upload-artifacts/modify-and-override-build-settings-before-a-build.md" for version current
[WARNING] Docs markdown link couldn't be resolved: (../../../harness-platform/platform-how-tos/delegates/install-delegate/delegate-install-docker/install-a-docker-delegate.md./docs/harness-platform/platform-how-tos/delegates/install-delegate/delegate-install-docker/install-a-docker-delegate.md) in "/Users/douglasbothwell/Desktop/docu-test/TEST-008/developer-hub/docs/continuous-integration/use-ci/set-up-build-infrastructure/define-a-ci-build-infrastructure-in-azure.md" for version current

‚óè Client ‚ñà‚ñà‚ñà‚ñà‚ñà‚ñà‚ñà‚ñà‚ñà‚ñà‚ñà‚ñà‚ñà‚ñà‚ñà‚ñà‚ñà‚ñà‚ñà‚ñà‚ñà‚ñà‚ñà‚ñà‚ñà building (46%) 2/3 entries 2868/2880 dependencies 348/1177 modules 448 active 
 css-loader ‚Ä∫ postcss-loader ‚Ä∫ node_modules/@docusaurus/theme-classic/lib/theme/SkipToContent/styles.module.css

[WARNING] Docs markdown link couldn't be resolved: (../../harness-platform/platform-technical-reference/pipeline-steps-reference/triggers-reference.md./docs/harness-platform/platform-technical-reference/pipeline-steps-reference/triggers-reference.md) in "/Users/douglasbothwell/Desktop/docu-test/TEST-008/developer-hub/docs/continuous-integration/ci-technical-reference/built-in-cie-codebase-variables-reference.md" for version current
[WARNING] Docs markdown link couldn't be resolved: (../../../harness-platform/platform-technical-reference/ref-access-management/permissions-reference.md./docs/harness-platform/platform-technical-reference/ref-access-management/permissions-reference.md) in "/Users/douglasbothwell/Desktop/docu-test/TEST-008/developer-hub/docs/continuous-integration/use-ci/build-and-upload-artifacts/modify-and-override-build-settings-before-a-build.md" for version current
[WARNING] Docs markdown link couldn't be resolved: (../../../harness-platform/platform-how-tos/delegates/install-delegate/delegate-install-docker/install-a-docker-delegate.md./docs/harness-platform/platform-how-tos/delegates/install-delegate/delegate-install-docker/install-a-docker-delegate.md) in "/Users/douglasbothwell/Desktop/docu-test/TEST-008/developer-hub/docs/continuous-integration/use-ci/set-up-build-infrastructure/define-a-ci-build-infrastructure-in-azure.md" for version current

‚óè Client ‚ñà‚ñà‚ñà‚ñà‚ñà‚ñà‚ñà‚ñà‚ñà‚ñà‚ñà‚ñà‚ñà‚ñà‚ñà‚ñà‚ñà‚ñà‚ñà‚ñà‚ñà‚ñà‚ñà‚ñà‚ñà building (46%) 2/3 entries 2869/2885 dependencies 387/1177 modules 411 active 
 css-loader ‚Ä∫ postcss-loader ‚Ä∫ sass-loader ‚Ä∫ src/pages/index.module.scss

[WARNING] Docs markdown link couldn't be resolved: (../../harness-platform/platform-technical-reference/pipeline-steps-reference/triggers-reference.md./docs/harness-platform/platform-technical-reference/pipeline-steps-reference/triggers-reference.md) in "/Users/douglasbothwell/Desktop/docu-test/TEST-008/developer-hub/docs/continuous-integration/ci-technical-reference/built-in-cie-codebase-variables-reference.md" for version current
[WARNING] Docs markdown link couldn't be resolved: (../../../harness-platform/platform-technical-reference/ref-access-management/permissions-reference.md./docs/harness-platform/platform-technical-reference/ref-access-management/permissions-reference.md) in "/Users/douglasbothwell/Desktop/docu-test/TEST-008/developer-hub/docs/continuous-integration/use-ci/build-and-upload-artifacts/modify-and-override-build-settings-before-a-build.md" for version current
[WARNING] Docs markdown link couldn't be resolved: (../../../harness-platform/platform-how-tos/delegates/install-delegate/delegate-install-docker/install-a-docker-delegate.md./docs/harness-platform/platform-how-tos/delegates/install-delegate/delegate-install-docker/install-a-docker-delegate.md) in "/Users/douglasbothwell/Desktop/docu-test/TEST-008/developer-hub/docs/continuous-integration/use-ci/set-up-build-infrastructure/define-a-ci-build-infrastructure-in-azure.md" for version current

‚óè Client ‚ñà‚ñà‚ñà‚ñà‚ñà‚ñà‚ñà‚ñà‚ñà‚ñà‚ñà‚ñà‚ñà‚ñà‚ñà‚ñà‚ñà‚ñà‚ñà‚ñà‚ñà‚ñà‚ñà‚ñà‚ñà building (46%) 2/3 entries 2875/2895 dependencies 708/1179 modules 167 active 
 babel-loader ‚Ä∫ node_modules/@docusaurus/theme-classic/lib/theme/NavbarItem/index.js

[WARNING] Docs markdown link couldn't be resolved: (../../harness-platform/platform-technical-reference/pipeline-steps-reference/triggers-reference.md./docs/harness-platform/platform-technical-reference/pipeline-steps-reference/triggers-reference.md) in "/Users/douglasbothwell/Desktop/docu-test/TEST-008/developer-hub/docs/continuous-integration/ci-technical-reference/built-in-cie-codebase-variables-reference.md" for version current
[WARNING] Docs markdown link couldn't be resolved: (../../../harness-platform/platform-technical-reference/ref-access-management/permissions-reference.md./docs/harness-platform/platform-technical-reference/ref-access-management/permissions-reference.md) in "/Users/douglasbothwell/Desktop/docu-test/TEST-008/developer-hub/docs/continuous-integration/use-ci/build-and-upload-artifacts/modify-and-override-build-settings-before-a-build.md" for version current
[WARNING] Docs markdown link couldn't be resolved: (../../../harness-platform/platform-how-tos/delegates/install-delegate/delegate-install-docker/install-a-docker-delegate.md./docs/harness-platform/platform-how-tos/delegates/install-delegate/delegate-install-docker/install-a-docker-delegate.md) in "/Users/douglasbothwell/Desktop/docu-test/TEST-008/developer-hub/docs/continuous-integration/use-ci/set-up-build-infrastructure/define-a-ci-build-infrastructure-in-azure.md" for version current

‚óè Client ‚ñà‚ñà‚ñà‚ñà‚ñà‚ñà‚ñà‚ñà‚ñà‚ñà‚ñà‚ñà‚ñà‚ñà‚ñà‚ñà‚ñà‚ñà‚ñà‚ñà‚ñà‚ñà‚ñà‚ñà‚ñà building (46%) 2/3 entries 2881/2908 dependencies 747/1183 modules 187 active 
 url-loader ‚Ä∫ tutorials/deploy-services/static/k8s-cd-first-tutorial/k8s_manifest_type.png

[WARNING] Docs markdown link couldn't be resolved: (../../harness-platform/platform-technical-reference/pipeline-steps-reference/triggers-reference.md./docs/harness-platform/platform-technical-reference/pipeline-steps-reference/triggers-reference.md) in "/Users/douglasbothwell/Desktop/docu-test/TEST-008/developer-hub/docs/continuous-integration/ci-technical-reference/built-in-cie-codebase-variables-reference.md" for version current
[WARNING] Docs markdown link couldn't be resolved: (../../../harness-platform/platform-technical-reference/ref-access-management/permissions-reference.md./docs/harness-platform/platform-technical-reference/ref-access-management/permissions-reference.md) in "/Users/douglasbothwell/Desktop/docu-test/TEST-008/developer-hub/docs/continuous-integration/use-ci/build-and-upload-artifacts/modify-and-override-build-settings-before-a-build.md" for version current
[WARNING] Docs markdown link couldn't be resolved: (../../../harness-platform/platform-how-tos/delegates/install-delegate/delegate-install-docker/install-a-docker-delegate.md./docs/harness-platform/platform-how-tos/delegates/install-delegate/delegate-install-docker/install-a-docker-delegate.md) in "/Users/douglasbothwell/Desktop/docu-test/TEST-008/developer-hub/docs/continuous-integration/use-ci/set-up-build-infrastructure/define-a-ci-build-infrastructure-in-azure.md" for version current

‚óè Client ‚ñà‚ñà‚ñà‚ñà‚ñà‚ñà‚ñà‚ñà‚ñà‚ñà‚ñà‚ñà‚ñà‚ñà‚ñà‚ñà‚ñà‚ñà‚ñà‚ñà‚ñà‚ñà‚ñà‚ñà‚ñà building (46%) 2/3 entries 2934/2996 dependencies 791/1185 modules 145 active 
 url-loader ‚Ä∫ tutorials/deploy-services/static/k8s-cd-first-tutorial/gh_connector.png

[WARNING] Docs markdown link couldn't be resolved: (../../harness-platform/platform-technical-reference/pipeline-steps-reference/triggers-reference.md./docs/harness-platform/platform-technical-reference/pipeline-steps-reference/triggers-reference.md) in "/Users/douglasbothwell/Desktop/docu-test/TEST-008/developer-hub/docs/continuous-integration/ci-technical-reference/built-in-cie-codebase-variables-reference.md" for version current
[WARNING] Docs markdown link couldn't be resolved: (../../../harness-platform/platform-technical-reference/ref-access-management/permissions-reference.md./docs/harness-platform/platform-technical-reference/ref-access-management/permissions-reference.md) in "/Users/douglasbothwell/Desktop/docu-test/TEST-008/developer-hub/docs/continuous-integration/use-ci/build-and-upload-artifacts/modify-and-override-build-settings-before-a-build.md" for version current
[WARNING] Docs markdown link couldn't be resolved: (../../../harness-platform/platform-how-tos/delegates/install-delegate/delegate-install-docker/install-a-docker-delegate.md./docs/harness-platform/platform-how-tos/delegates/install-delegate/delegate-install-docker/install-a-docker-delegate.md) in "/Users/douglasbothwell/Desktop/docu-test/TEST-008/developer-hub/docs/continuous-integration/use-ci/set-up-build-infrastructure/define-a-ci-build-infrastructure-in-azure.md" for version current

‚óè Client ‚ñà‚ñà‚ñà‚ñà‚ñà‚ñà‚ñà‚ñà‚ñà‚ñà‚ñà‚ñà‚ñà‚ñà‚ñà‚ñà‚ñà‚ñà‚ñà‚ñà‚ñà‚ñà‚ñà‚ñà‚ñà building (46%) 2/3 entries 2993/3072 dependencies 836/1204 modules 156 active 
 url-loader ‚Ä∫ tutorials/deploy-services/static/k8s-cd-first-tutorial/grafana.png

[WARNING] Docs markdown link couldn't be resolved: (../../harness-platform/platform-technical-reference/pipeline-steps-reference/triggers-reference.md./docs/harness-platform/platform-technical-reference/pipeline-steps-reference/triggers-reference.md) in "/Users/douglasbothwell/Desktop/docu-test/TEST-008/developer-hub/docs/continuous-integration/ci-technical-reference/built-in-cie-codebase-variables-reference.md" for version current
[WARNING] Docs markdown link couldn't be resolved: (../../../harness-platform/platform-technical-reference/ref-access-management/permissions-reference.md./docs/harness-platform/platform-technical-reference/ref-access-management/permissions-reference.md) in "/Users/douglasbothwell/Desktop/docu-test/TEST-008/developer-hub/docs/continuous-integration/use-ci/build-and-upload-artifacts/modify-and-override-build-settings-before-a-build.md" for version current
[WARNING] Docs markdown link couldn't be resolved: (../../../harness-platform/platform-how-tos/delegates/install-delegate/delegate-install-docker/install-a-docker-delegate.md./docs/harness-platform/platform-how-tos/delegates/install-delegate/delegate-install-docker/install-a-docker-delegate.md) in "/Users/douglasbothwell/Desktop/docu-test/TEST-008/developer-hub/docs/continuous-integration/use-ci/set-up-build-infrastructure/define-a-ci-build-infrastructure-in-azure.md" for version current

‚óè Client ‚ñà‚ñà‚ñà‚ñà‚ñà‚ñà‚ñà‚ñà‚ñà‚ñà‚ñà‚ñà‚ñà‚ñà‚ñà‚ñà‚ñà‚ñà‚ñà‚ñà‚ñà‚ñà‚ñà‚ñà‚ñà building (46%) 2/3 entries 3051/3076 dependencies 885/1219 modules 180 active 
 url-loader ‚Ä∫ tutorials/deploy-services/static/first-ecs/ecs_network.png

[WARNING] Docs markdown link couldn't be resolved: (../../harness-platform/platform-technical-reference/pipeline-steps-reference/triggers-reference.md./docs/harness-platform/platform-technical-reference/pipeline-steps-reference/triggers-reference.md) in "/Users/douglasbothwell/Desktop/docu-test/TEST-008/developer-hub/docs/continuous-integration/ci-technical-reference/built-in-cie-codebase-variables-reference.md" for version current
[WARNING] Docs markdown link couldn't be resolved: (../../../harness-platform/platform-technical-reference/ref-access-management/permissions-reference.md./docs/harness-platform/platform-technical-reference/ref-access-management/permissions-reference.md) in "/Users/douglasbothwell/Desktop/docu-test/TEST-008/developer-hub/docs/continuous-integration/use-ci/build-and-upload-artifacts/modify-and-override-build-settings-before-a-build.md" for version current
[WARNING] Docs markdown link couldn't be resolved: (../../../harness-platform/platform-how-tos/delegates/install-delegate/delegate-install-docker/install-a-docker-delegate.md./docs/harness-platform/platform-how-tos/delegates/install-delegate/delegate-install-docker/install-a-docker-delegate.md) in "/Users/douglasbothwell/Desktop/docu-test/TEST-008/developer-hub/docs/continuous-integration/use-ci/set-up-build-infrastructure/define-a-ci-build-infrastructure-in-azure.md" for version current

‚óè Client ‚ñà‚ñà‚ñà‚ñà‚ñà‚ñà‚ñà‚ñà‚ñà‚ñà‚ñà‚ñà‚ñà‚ñà‚ñà‚ñà‚ñà‚ñà‚ñà‚ñà‚ñà‚ñà‚ñà‚ñà‚ñà building (46%) 2/3 entries 3064/3089 dependencies 979/1228 modules 224 active 
 css-loader ‚Ä∫ postcss-loader ‚Ä∫ node_modules/@docusaurus/theme-classic/lib/theme/AnnouncementBar/Content/styles.module.css

[WARNING] Docs markdown link couldn't be resolved: (../../harness-platform/platform-technical-reference/pipeline-steps-reference/triggers-reference.md./docs/harness-platform/platform-technical-reference/pipeline-steps-reference/triggers-reference.md) in "/Users/douglasbothwell/Desktop/docu-test/TEST-008/developer-hub/docs/continuous-integration/ci-technical-reference/built-in-cie-codebase-variables-reference.md" for version current
[WARNING] Docs markdown link couldn't be resolved: (../../../harness-platform/platform-technical-reference/ref-access-management/permissions-reference.md./docs/harness-platform/platform-technical-reference/ref-access-management/permissions-reference.md) in "/Users/douglasbothwell/Desktop/docu-test/TEST-008/developer-hub/docs/continuous-integration/use-ci/build-and-upload-artifacts/modify-and-override-build-settings-before-a-build.md" for version current
[WARNING] Docs markdown link couldn't be resolved: (../../../harness-platform/platform-how-tos/delegates/install-delegate/delegate-install-docker/install-a-docker-delegate.md./docs/harness-platform/platform-how-tos/delegates/install-delegate/delegate-install-docker/install-a-docker-delegate.md) in "/Users/douglasbothwell/Desktop/docu-test/TEST-008/developer-hub/docs/continuous-integration/use-ci/set-up-build-infrastructure/define-a-ci-build-infrastructure-in-azure.md" for version current

‚óè Client ‚ñà‚ñà‚ñà‚ñà‚ñà‚ñà‚ñà‚ñà‚ñà‚ñà‚ñà‚ñà‚ñà‚ñà‚ñà‚ñà‚ñà‚ñà‚ñà‚ñà‚ñà‚ñà‚ñà‚ñà‚ñà building (46%) 2/3 entries 3074/3121 dependencies 1033/1232 modules 196 active 
 babel-loader ‚Ä∫ node_modules/@docusaurus/theme-search-algolia/lib/theme/SearchTranslations/index.js

[WARNING] Docs markdown link couldn't be resolved: (../../harness-platform/platform-technical-reference/pipeline-steps-reference/triggers-reference.md./docs/harness-platform/platform-technical-reference/pipeline-steps-reference/triggers-reference.md) in "/Users/douglasbothwell/Desktop/docu-test/TEST-008/developer-hub/docs/continuous-integration/ci-technical-reference/built-in-cie-codebase-variables-reference.md" for version current
[WARNING] Docs markdown link couldn't be resolved: (../../../harness-platform/platform-technical-reference/ref-access-management/permissions-reference.md./docs/harness-platform/platform-technical-reference/ref-access-management/permissions-reference.md) in "/Users/douglasbothwell/Desktop/docu-test/TEST-008/developer-hub/docs/continuous-integration/use-ci/build-and-upload-artifacts/modify-and-override-build-settings-before-a-build.md" for version current
[WARNING] Docs markdown link couldn't be resolved: (../../../harness-platform/platform-how-tos/delegates/install-delegate/delegate-install-docker/install-a-docker-delegate.md./docs/harness-platform/platform-how-tos/delegates/install-delegate/delegate-install-docker/install-a-docker-delegate.md) in "/Users/douglasbothwell/Desktop/docu-test/TEST-008/developer-hub/docs/continuous-integration/use-ci/set-up-build-infrastructure/define-a-ci-build-infrastructure-in-azure.md" for version current

‚óè Client ‚ñà‚ñà‚ñà‚ñà‚ñà‚ñà‚ñà‚ñà‚ñà‚ñà‚ñà‚ñà‚ñà‚ñà‚ñà‚ñà‚ñà‚ñà‚ñà‚ñà‚ñà‚ñà‚ñà‚ñà‚ñà building (46%) 2/3 entries 3174/3221 dependencies 1058/1272 modules 174 active 
 babel-loader ‚Ä∫ node_modules/@docusaurus/theme-classic/lib/theme/Logo/index.js

[WARNING] Docs markdown link couldn't be resolved: (../../harness-platform/platform-technical-reference/pipeline-steps-reference/triggers-reference.md./docs/harness-platform/platform-technical-reference/pipeline-steps-reference/triggers-reference.md) in "/Users/douglasbothwell/Desktop/docu-test/TEST-008/developer-hub/docs/continuous-integration/ci-technical-reference/built-in-cie-codebase-variables-reference.md" for version current
[WARNING] Docs markdown link couldn't be resolved: (../../../harness-platform/platform-technical-reference/ref-access-management/permissions-reference.md./docs/harness-platform/platform-technical-reference/ref-access-management/permissions-reference.md) in "/Users/douglasbothwell/Desktop/docu-test/TEST-008/developer-hub/docs/continuous-integration/use-ci/build-and-upload-artifacts/modify-and-override-build-settings-before-a-build.md" for version current
[WARNING] Docs markdown link couldn't be resolved: (../../../harness-platform/platform-how-tos/delegates/install-delegate/delegate-install-docker/install-a-docker-delegate.md./docs/harness-platform/platform-how-tos/delegates/install-delegate/delegate-install-docker/install-a-docker-delegate.md) in "/Users/douglasbothwell/Desktop/docu-test/TEST-008/developer-hub/docs/continuous-integration/use-ci/set-up-build-infrastructure/define-a-ci-build-infrastructure-in-azure.md" for version current

‚óè Client ‚ñà‚ñà‚ñà‚ñà‚ñà‚ñà‚ñà‚ñà‚ñà‚ñà‚ñà‚ñà‚ñà‚ñà‚ñà‚ñà‚ñà‚ñà‚ñà‚ñà‚ñà‚ñà‚ñà‚ñà‚ñà building (46%) 2/3 entries 3236/3308 dependencies 1090/1276 modules 178 active 
 url-loader ‚Ä∫ tutorials/shared/static/github-pat-wiring/githuburl.png

[WARNING] Docs markdown link couldn't be resolved: (../../harness-platform/platform-technical-reference/pipeline-steps-reference/triggers-reference.md./docs/harness-platform/platform-technical-reference/pipeline-steps-reference/triggers-reference.md) in "/Users/douglasbothwell/Desktop/docu-test/TEST-008/developer-hub/docs/continuous-integration/ci-technical-reference/built-in-cie-codebase-variables-reference.md" for version current
[WARNING] Docs markdown link couldn't be resolved: (../../../harness-platform/platform-technical-reference/ref-access-management/permissions-reference.md./docs/harness-platform/platform-technical-reference/ref-access-management/permissions-reference.md) in "/Users/douglasbothwell/Desktop/docu-test/TEST-008/developer-hub/docs/continuous-integration/use-ci/build-and-upload-artifacts/modify-and-override-build-settings-before-a-build.md" for version current
[WARNING] Docs markdown link couldn't be resolved: (../../../harness-platform/platform-how-tos/delegates/install-delegate/delegate-install-docker/install-a-docker-delegate.md./docs/harness-platform/platform-how-tos/delegates/install-delegate/delegate-install-docker/install-a-docker-delegate.md) in "/Users/douglasbothwell/Desktop/docu-test/TEST-008/developer-hub/docs/continuous-integration/use-ci/set-up-build-infrastructure/define-a-ci-build-infrastructure-in-azure.md" for version current

‚óè Client ‚ñà‚ñà‚ñà‚ñà‚ñà‚ñà‚ñà‚ñà‚ñà‚ñà‚ñà‚ñà‚ñà‚ñà‚ñà‚ñà‚ñà‚ñà‚ñà‚ñà‚ñà‚ñà‚ñà‚ñà‚ñà building (46%) 2/3 entries 3289/3338 dependencies 1112/1311 modules 196 active 
 css-loader ‚Ä∫ postcss-loader ‚Ä∫ sass-loader ‚Ä∫ src/components/LandingPage/ModuleCard.module.scss

[WARNING] Docs markdown link couldn't be resolved: (../../harness-platform/platform-technical-reference/pipeline-steps-reference/triggers-reference.md./docs/harness-platform/platform-technical-reference/pipeline-steps-reference/triggers-reference.md) in "/Users/douglasbothwell/Desktop/docu-test/TEST-008/developer-hub/docs/continuous-integration/ci-technical-reference/built-in-cie-codebase-variables-reference.md" for version current
[WARNING] Docs markdown link couldn't be resolved: (../../../harness-platform/platform-technical-reference/ref-access-management/permissions-reference.md./docs/harness-platform/platform-technical-reference/ref-access-management/permissions-reference.md) in "/Users/douglasbothwell/Desktop/docu-test/TEST-008/developer-hub/docs/continuous-integration/use-ci/build-and-upload-artifacts/modify-and-override-build-settings-before-a-build.md" for version current
[WARNING] Docs markdown link couldn't be resolved: (../../../harness-platform/platform-how-tos/delegates/install-delegate/delegate-install-docker/install-a-docker-delegate.md./docs/harness-platform/platform-how-tos/delegates/install-delegate/delegate-install-docker/install-a-docker-delegate.md) in "/Users/douglasbothwell/Desktop/docu-test/TEST-008/developer-hub/docs/continuous-integration/use-ci/set-up-build-infrastructure/define-a-ci-build-infrastructure-in-azure.md" for version current

‚óè Client ‚ñà‚ñà‚ñà‚ñà‚ñà‚ñà‚ñà‚ñà‚ñà‚ñà‚ñà‚ñà‚ñà‚ñà‚ñà‚ñà‚ñà‚ñà‚ñà‚ñà‚ñà‚ñà‚ñà‚ñà‚ñà building (46%) 2/3 entries 3321/3354 dependencies 1117/1330 modules 203 active 
 babel-loader ‚Ä∫ node_modules/@docusaurus/theme-classic/lib/theme/NavbarItem/DocSidebarNavbarItem.js

[WARNING] Docs markdown link couldn't be resolved: (../../harness-platform/platform-technical-reference/pipeline-steps-reference/triggers-reference.md./docs/harness-platform/platform-technical-reference/pipeline-steps-reference/triggers-reference.md) in "/Users/douglasbothwell/Desktop/docu-test/TEST-008/developer-hub/docs/continuous-integration/ci-technical-reference/built-in-cie-codebase-variables-reference.md" for version current
[WARNING] Docs markdown link couldn't be resolved: (../../../harness-platform/platform-technical-reference/ref-access-management/permissions-reference.md./docs/harness-platform/platform-technical-reference/ref-access-management/permissions-reference.md) in "/Users/douglasbothwell/Desktop/docu-test/TEST-008/developer-hub/docs/continuous-integration/use-ci/build-and-upload-artifacts/modify-and-override-build-settings-before-a-build.md" for version current
[WARNING] Docs markdown link couldn't be resolved: (../../../harness-platform/platform-how-tos/delegates/install-delegate/delegate-install-docker/install-a-docker-delegate.md./docs/harness-platform/platform-how-tos/delegates/install-delegate/delegate-install-docker/install-a-docker-delegate.md) in "/Users/douglasbothwell/Desktop/docu-test/TEST-008/developer-hub/docs/continuous-integration/use-ci/set-up-build-infrastructure/define-a-ci-build-infrastructure-in-azure.md" for version current

‚óè Client ‚ñà‚ñà‚ñà‚ñà‚ñà‚ñà‚ñà‚ñà‚ñà‚ñà‚ñà‚ñà‚ñà‚ñà‚ñà‚ñà‚ñà‚ñà‚ñà‚ñà‚ñà‚ñà‚ñà‚ñà‚ñà building (46%) 2/3 entries 3375/3404 dependencies 1129/1345 modules 212 active 
 babel-loader ‚Ä∫ node_modules/@docusaurus/theme-classic/lib/theme/Icon/LightMode/index.js

[WARNING] Docs markdown link couldn't be resolved: (../../harness-platform/platform-technical-reference/pipeline-steps-reference/triggers-reference.md./docs/harness-platform/platform-technical-reference/pipeline-steps-reference/triggers-reference.md) in "/Users/douglasbothwell/Desktop/docu-test/TEST-008/developer-hub/docs/continuous-integration/ci-technical-reference/built-in-cie-codebase-variables-reference.md" for version current
[WARNING] Docs markdown link couldn't be resolved: (../../../harness-platform/platform-technical-reference/ref-access-management/permissions-reference.md./docs/harness-platform/platform-technical-reference/ref-access-management/permissions-reference.md) in "/Users/douglasbothwell/Desktop/docu-test/TEST-008/developer-hub/docs/continuous-integration/use-ci/build-and-upload-artifacts/modify-and-override-build-settings-before-a-build.md" for version current
[WARNING] Docs markdown link couldn't be resolved: (../../../harness-platform/platform-how-tos/delegates/install-delegate/delegate-install-docker/install-a-docker-delegate.md./docs/harness-platform/platform-how-tos/delegates/install-delegate/delegate-install-docker/install-a-docker-delegate.md) in "/Users/douglasbothwell/Desktop/docu-test/TEST-008/developer-hub/docs/continuous-integration/use-ci/set-up-build-infrastructure/define-a-ci-build-infrastructure-in-azure.md" for version current

‚óè Client ‚ñà‚ñà‚ñà‚ñà‚ñà‚ñà‚ñà‚ñà‚ñà‚ñà‚ñà‚ñà‚ñà‚ñà‚ñà‚ñà‚ñà‚ñà‚ñà‚ñà‚ñà‚ñà‚ñà‚ñà‚ñà building (46%) 2/3 entries 3422/3463 dependencies 1138/1358 modules 209 active 
 css-loader ‚Ä∫ postcss-loader ‚Ä∫ node_modules/@docusaurus/theme-classic/lib/theme/TOCCollapsible/styles.module.css

[WARNING] Docs markdown link couldn't be resolved: (../../harness-platform/platform-technical-reference/pipeline-steps-reference/triggers-reference.md./docs/harness-platform/platform-technical-reference/pipeline-steps-reference/triggers-reference.md) in "/Users/douglasbothwell/Desktop/docu-test/TEST-008/developer-hub/docs/continuous-integration/ci-technical-reference/built-in-cie-codebase-variables-reference.md" for version current
[WARNING] Docs markdown link couldn't be resolved: (../../../harness-platform/platform-technical-reference/ref-access-management/permissions-reference.md./docs/harness-platform/platform-technical-reference/ref-access-management/permissions-reference.md) in "/Users/douglasbothwell/Desktop/docu-test/TEST-008/developer-hub/docs/continuous-integration/use-ci/build-and-upload-artifacts/modify-and-override-build-settings-before-a-build.md" for version current
[WARNING] Docs markdown link couldn't be resolved: (../../../harness-platform/platform-how-tos/delegates/install-delegate/delegate-install-docker/install-a-docker-delegate.md./docs/harness-platform/platform-how-tos/delegates/install-delegate/delegate-install-docker/install-a-docker-delegate.md) in "/Users/douglasbothwell/Desktop/docu-test/TEST-008/developer-hub/docs/continuous-integration/use-ci/set-up-build-infrastructure/define-a-ci-build-infrastructure-in-azure.md" for version current

‚óè Client ‚ñà‚ñà‚ñà‚ñà‚ñà‚ñà‚ñà‚ñà‚ñà‚ñà‚ñà‚ñà‚ñà‚ñà‚ñà‚ñà‚ñà‚ñà‚ñà‚ñà‚ñà‚ñà‚ñà‚ñà‚ñà building (46%) 2/3 entries 3465/3499 dependencies 1151/1376 modules 224 active 
 node_modules/rc-trigger/es/utils/alignUtil.js

[WARNING] Docs markdown link couldn't be resolved: (../../harness-platform/platform-technical-reference/pipeline-steps-reference/triggers-reference.md./docs/harness-platform/platform-technical-reference/pipeline-steps-reference/triggers-reference.md) in "/Users/douglasbothwell/Desktop/docu-test/TEST-008/developer-hub/docs/continuous-integration/ci-technical-reference/built-in-cie-codebase-variables-reference.md" for version current
[WARNING] Docs markdown link couldn't be resolved: (../../../harness-platform/platform-technical-reference/ref-access-management/permissions-reference.md./docs/harness-platform/platform-technical-reference/ref-access-management/permissions-reference.md) in "/Users/douglasbothwell/Desktop/docu-test/TEST-008/developer-hub/docs/continuous-integration/use-ci/build-and-upload-artifacts/modify-and-override-build-settings-before-a-build.md" for version current
[WARNING] Docs markdown link couldn't be resolved: (../../../harness-platform/platform-how-tos/delegates/install-delegate/delegate-install-docker/install-a-docker-delegate.md./docs/harness-platform/platform-how-tos/delegates/install-delegate/delegate-install-docker/install-a-docker-delegate.md) in "/Users/douglasbothwell/Desktop/docu-test/TEST-008/developer-hub/docs/continuous-integration/use-ci/set-up-build-infrastructure/define-a-ci-build-infrastructure-in-azure.md" for version current

‚óè Client ‚ñà‚ñà‚ñà‚ñà‚ñà‚ñà‚ñà‚ñà‚ñà‚ñà‚ñà‚ñà‚ñà‚ñà‚ñà‚ñà‚ñà‚ñà‚ñà‚ñà‚ñà‚ñà‚ñà‚ñà‚ñà building (46%) 2/3 entries 3519/3575 dependencies 1171/1398 modules 226 active 
 css-loader ‚Ä∫ postcss-loader ‚Ä∫ node_modules/@docusaurus/theme-classic/lib/theme/MDXComponents/Ul/styles.module.css

[WARNING] Docs markdown link couldn't be resolved: (../../harness-platform/platform-technical-reference/pipeline-steps-reference/triggers-reference.md./docs/harness-platform/platform-technical-reference/pipeline-steps-reference/triggers-reference.md) in "/Users/douglasbothwell/Desktop/docu-test/TEST-008/developer-hub/docs/continuous-integration/ci-technical-reference/built-in-cie-codebase-variables-reference.md" for version current
[WARNING] Docs markdown link couldn't be resolved: (../../../harness-platform/platform-technical-reference/ref-access-management/permissions-reference.md./docs/harness-platform/platform-technical-reference/ref-access-management/permissions-reference.md) in "/Users/douglasbothwell/Desktop/docu-test/TEST-008/developer-hub/docs/continuous-integration/use-ci/build-and-upload-artifacts/modify-and-override-build-settings-before-a-build.md" for version current
[WARNING] Docs markdown link couldn't be resolved: (../../../harness-platform/platform-how-tos/delegates/install-delegate/delegate-install-docker/install-a-docker-delegate.md./docs/harness-platform/platform-how-tos/delegates/install-delegate/delegate-install-docker/install-a-docker-delegate.md) in "/Users/douglasbothwell/Desktop/docu-test/TEST-008/developer-hub/docs/continuous-integration/use-ci/set-up-build-infrastructure/define-a-ci-build-infrastructure-in-azure.md" for version current

‚óè Client ‚ñà‚ñà‚ñà‚ñà‚ñà‚ñà‚ñà‚ñà‚ñà‚ñà‚ñà‚ñà‚ñà‚ñà‚ñà‚ñà‚ñà‚ñà‚ñà‚ñà‚ñà‚ñà‚ñà‚ñà‚ñà building (46%) 2/3 entries 3604/3646 dependencies 1191/1438 modules 240 active 
 babel-loader ‚Ä∫ node_modules/@docusaurus/theme-classic/lib/theme/DocSidebar/Desktop/CollapseButton/index.js

[WARNING] Docs markdown link couldn't be resolved: (../../harness-platform/platform-technical-reference/pipeline-steps-reference/triggers-reference.md./docs/harness-platform/platform-technical-reference/pipeline-steps-reference/triggers-reference.md) in "/Users/douglasbothwell/Desktop/docu-test/TEST-008/developer-hub/docs/continuous-integration/ci-technical-reference/built-in-cie-codebase-variables-reference.md" for version current
[WARNING] Docs markdown link couldn't be resolved: (../../../harness-platform/platform-technical-reference/ref-access-management/permissions-reference.md./docs/harness-platform/platform-technical-reference/ref-access-management/permissions-reference.md) in "/Users/douglasbothwell/Desktop/docu-test/TEST-008/developer-hub/docs/continuous-integration/use-ci/build-and-upload-artifacts/modify-and-override-build-settings-before-a-build.md" for version current
[WARNING] Docs markdown link couldn't be resolved: (../../../harness-platform/platform-how-tos/delegates/install-delegate/delegate-install-docker/install-a-docker-delegate.md./docs/harness-platform/platform-how-tos/delegates/install-delegate/delegate-install-docker/install-a-docker-delegate.md) in "/Users/douglasbothwell/Desktop/docu-test/TEST-008/developer-hub/docs/continuous-integration/use-ci/set-up-build-infrastructure/define-a-ci-build-infrastructure-in-azure.md" for version current

‚óè Client ‚ñà‚ñà‚ñà‚ñà‚ñà‚ñà‚ñà‚ñà‚ñà‚ñà‚ñà‚ñà‚ñà‚ñà‚ñà‚ñà‚ñà‚ñà‚ñà‚ñà‚ñà‚ñà‚ñà‚ñà‚ñà building (46%) 2/3 entries 3664/3687 dependencies 1200/1467 modules 262 active 
 javascript/esm|/Users/douglasbothwell/Desktop/docu-test/TEST-008/developer-hub/node_modules/@babel/runtime/helpers/esm/arrayLikeToArray.js

[WARNING] Docs markdown link couldn't be resolved: (../../harness-platform/platform-technical-reference/pipeline-steps-reference/triggers-reference.md./docs/harness-platform/platform-technical-reference/pipeline-steps-reference/triggers-reference.md) in "/Users/douglasbothwell/Desktop/docu-test/TEST-008/developer-hub/docs/continuous-integration/ci-technical-reference/built-in-cie-codebase-variables-reference.md" for version current
[WARNING] Docs markdown link couldn't be resolved: (../../../harness-platform/platform-technical-reference/ref-access-management/permissions-reference.md./docs/harness-platform/platform-technical-reference/ref-access-management/permissions-reference.md) in "/Users/douglasbothwell/Desktop/docu-test/TEST-008/developer-hub/docs/continuous-integration/use-ci/build-and-upload-artifacts/modify-and-override-build-settings-before-a-build.md" for version current
[WARNING] Docs markdown link couldn't be resolved: (../../../harness-platform/platform-how-tos/delegates/install-delegate/delegate-install-docker/install-a-docker-delegate.md./docs/harness-platform/platform-how-tos/delegates/install-delegate/delegate-install-docker/install-a-docker-delegate.md) in "/Users/douglasbothwell/Desktop/docu-test/TEST-008/developer-hub/docs/continuous-integration/use-ci/set-up-build-infrastructure/define-a-ci-build-infrastructure-in-azure.md" for version current

‚óè Client ‚ñà‚ñà‚ñà‚ñà‚ñà‚ñà‚ñà‚ñà‚ñà‚ñà‚ñà‚ñà‚ñà‚ñà‚ñà‚ñà‚ñà‚ñà‚ñà‚ñà‚ñà‚ñà‚ñà‚ñà‚ñà building (46%) 2/3 entries 3686/3713 dependencies 1219/1471 modules 246 active 
 css-loader ‚Ä∫ postcss-loader ‚Ä∫ node_modules/@docusaurus/theme-classic/lib/theme/DocSidebar/Desktop/Content/styles.module.css

[WARNING] Docs markdown link couldn't be resolved: (../../harness-platform/platform-technical-reference/pipeline-steps-reference/triggers-reference.md./docs/harness-platform/platform-technical-reference/pipeline-steps-reference/triggers-reference.md) in "/Users/douglasbothwell/Desktop/docu-test/TEST-008/developer-hub/docs/continuous-integration/ci-technical-reference/built-in-cie-codebase-variables-reference.md" for version current
[WARNING] Docs markdown link couldn't be resolved: (../../../harness-platform/platform-technical-reference/ref-access-management/permissions-reference.md./docs/harness-platform/platform-technical-reference/ref-access-management/permissions-reference.md) in "/Users/douglasbothwell/Desktop/docu-test/TEST-008/developer-hub/docs/continuous-integration/use-ci/build-and-upload-artifacts/modify-and-override-build-settings-before-a-build.md" for version current
[WARNING] Docs markdown link couldn't be resolved: (../../../harness-platform/platform-how-tos/delegates/install-delegate/delegate-install-docker/install-a-docker-delegate.md./docs/harness-platform/platform-how-tos/delegates/install-delegate/delegate-install-docker/install-a-docker-delegate.md) in "/Users/douglasbothwell/Desktop/docu-test/TEST-008/developer-hub/docs/continuous-integration/use-ci/set-up-build-infrastructure/define-a-ci-build-infrastructure-in-azure.md" for version current

‚óè Client ‚ñà‚ñà‚ñà‚ñà‚ñà‚ñà‚ñà‚ñà‚ñà‚ñà‚ñà‚ñà‚ñà‚ñà‚ñà‚ñà‚ñà‚ñà‚ñà‚ñà‚ñà‚ñà‚ñà‚ñà‚ñà building (46%) 2/3 entries 3736/3759 dependencies 1262/1490 modules 227 active 
 node_modules/@algolia/autocomplete-core/dist/esm/utils/getNormalizedSources.js

[WARNING] Docs markdown link couldn't be resolved: (../../harness-platform/platform-technical-reference/pipeline-steps-reference/triggers-reference.md./docs/harness-platform/platform-technical-reference/pipeline-steps-reference/triggers-reference.md) in "/Users/douglasbothwell/Desktop/docu-test/TEST-008/developer-hub/docs/continuous-integration/ci-technical-reference/built-in-cie-codebase-variables-reference.md" for version current
[WARNING] Docs markdown link couldn't be resolved: (../../../harness-platform/platform-technical-reference/ref-access-management/permissions-reference.md./docs/harness-platform/platform-technical-reference/ref-access-management/permissions-reference.md) in "/Users/douglasbothwell/Desktop/docu-test/TEST-008/developer-hub/docs/continuous-integration/use-ci/build-and-upload-artifacts/modify-and-override-build-settings-before-a-build.md" for version current
[WARNING] Docs markdown link couldn't be resolved: (../../../harness-platform/platform-how-tos/delegates/install-delegate/delegate-install-docker/install-a-docker-delegate.md./docs/harness-platform/platform-how-tos/delegates/install-delegate/delegate-install-docker/install-a-docker-delegate.md) in "/Users/douglasbothwell/Desktop/docu-test/TEST-008/developer-hub/docs/continuous-integration/use-ci/set-up-build-infrastructure/define-a-ci-build-infrastructure-in-azure.md" for version current

‚óè Client ‚ñà‚ñà‚ñà‚ñà‚ñà‚ñà‚ñà‚ñà‚ñà‚ñà‚ñà‚ñà‚ñà‚ñà‚ñà‚ñà‚ñà‚ñà‚ñà‚ñà‚ñà‚ñà‚ñà‚ñà‚ñà building (46%) 2/3 entries 3790/3804 dependencies 1272/1517 modules 244 active 
 css-loader ‚Ä∫ postcss-loader ‚Ä∫ sass-loader ‚Ä∫ src/components/HarnessU/styles.module.scss|0

[WARNING] Docs markdown link couldn't be resolved: (../../harness-platform/platform-technical-reference/pipeline-steps-reference/triggers-reference.md./docs/harness-platform/platform-technical-reference/pipeline-steps-reference/triggers-reference.md) in "/Users/douglasbothwell/Desktop/docu-test/TEST-008/developer-hub/docs/continuous-integration/ci-technical-reference/built-in-cie-codebase-variables-reference.md" for version current
[WARNING] Docs markdown link couldn't be resolved: (../../../harness-platform/platform-technical-reference/ref-access-management/permissions-reference.md./docs/harness-platform/platform-technical-reference/ref-access-management/permissions-reference.md) in "/Users/douglasbothwell/Desktop/docu-test/TEST-008/developer-hub/docs/continuous-integration/use-ci/build-and-upload-artifacts/modify-and-override-build-settings-before-a-build.md" for version current
[WARNING] Docs markdown link couldn't be resolved: (../../../harness-platform/platform-how-tos/delegates/install-delegate/delegate-install-docker/install-a-docker-delegate.md./docs/harness-platform/platform-how-tos/delegates/install-delegate/delegate-install-docker/install-a-docker-delegate.md) in "/Users/douglasbothwell/Desktop/docu-test/TEST-008/developer-hub/docs/continuous-integration/use-ci/set-up-build-infrastructure/define-a-ci-build-infrastructure-in-azure.md" for version current

‚óè Client ‚ñà‚ñà‚ñà‚ñà‚ñà‚ñà‚ñà‚ñà‚ñà‚ñà‚ñà‚ñà‚ñà‚ñà‚ñà‚ñà‚ñà‚ñà‚ñà‚ñà‚ñà‚ñà‚ñà‚ñà‚ñà building (46%) 2/3 entries 3855/3882 dependencies 1353/1535 modules 179 active 
 node_modules/rc-align/es/util.js

[WARNING] Docs markdown link couldn't be resolved: (../../harness-platform/platform-technical-reference/pipeline-steps-reference/triggers-reference.md./docs/harness-platform/platform-technical-reference/pipeline-steps-reference/triggers-reference.md) in "/Users/douglasbothwell/Desktop/docu-test/TEST-008/developer-hub/docs/continuous-integration/ci-technical-reference/built-in-cie-codebase-variables-reference.md" for version current
[WARNING] Docs markdown link couldn't be resolved: (../../../harness-platform/platform-technical-reference/ref-access-management/permissions-reference.md./docs/harness-platform/platform-technical-reference/ref-access-management/permissions-reference.md) in "/Users/douglasbothwell/Desktop/docu-test/TEST-008/developer-hub/docs/continuous-integration/use-ci/build-and-upload-artifacts/modify-and-override-build-settings-before-a-build.md" for version current
[WARNING] Docs markdown link couldn't be resolved: (../../../harness-platform/platform-how-tos/delegates/install-delegate/delegate-install-docker/install-a-docker-delegate.md./docs/harness-platform/platform-how-tos/delegates/install-delegate/delegate-install-docker/install-a-docker-delegate.md) in "/Users/douglasbothwell/Desktop/docu-test/TEST-008/developer-hub/docs/continuous-integration/use-ci/set-up-build-infrastructure/define-a-ci-build-infrastructure-in-azure.md" for version current

‚óè Client ‚ñà‚ñà‚ñà‚ñà‚ñà‚ñà‚ñà‚ñà‚ñà‚ñà‚ñà‚ñà‚ñà‚ñà‚ñà‚ñà‚ñà‚ñà‚ñà‚ñà‚ñà‚ñà‚ñà‚ñà‚ñà building (46%) 2/3 entries 3938/3950 dependencies 1385/1555 modules 167 active 
 babel-loader ‚Ä∫ node_modules/@docusaurus/theme-classic/lib/theme/DocSidebarItem/Category/index.js

[WARNING] Docs markdown link couldn't be resolved: (../../harness-platform/platform-technical-reference/pipeline-steps-reference/triggers-reference.md./docs/harness-platform/platform-technical-reference/pipeline-steps-reference/triggers-reference.md) in "/Users/douglasbothwell/Desktop/docu-test/TEST-008/developer-hub/docs/continuous-integration/ci-technical-reference/built-in-cie-codebase-variables-reference.md" for version current
[WARNING] Docs markdown link couldn't be resolved: (../../../harness-platform/platform-technical-reference/ref-access-management/permissions-reference.md./docs/harness-platform/platform-technical-reference/ref-access-management/permissions-reference.md) in "/Users/douglasbothwell/Desktop/docu-test/TEST-008/developer-hub/docs/continuous-integration/use-ci/build-and-upload-artifacts/modify-and-override-build-settings-before-a-build.md" for version current
[WARNING] Docs markdown link couldn't be resolved: (../../../harness-platform/platform-how-tos/delegates/install-delegate/delegate-install-docker/install-a-docker-delegate.md./docs/harness-platform/platform-how-tos/delegates/install-delegate/delegate-install-docker/install-a-docker-delegate.md) in "/Users/douglasbothwell/Desktop/docu-test/TEST-008/developer-hub/docs/continuous-integration/use-ci/set-up-build-infrastructure/define-a-ci-build-infrastructure-in-azure.md" for version current

‚óè Client ‚ñà‚ñà‚ñà‚ñà‚ñà‚ñà‚ñà‚ñà‚ñà‚ñà‚ñà‚ñà‚ñà‚ñà‚ñà‚ñà‚ñà‚ñà‚ñà‚ñà‚ñà‚ñà‚ñà‚ñà‚ñà building (46%) 2/3 entries 3990/4000 dependencies 1398/1564 modules 162 active 
 node_modules/rc-motion/es/hooks/useDomMotionEvents.js

[WARNING] Docs markdown link couldn't be resolved: (../../harness-platform/platform-technical-reference/pipeline-steps-reference/triggers-reference.md./docs/harness-platform/platform-technical-reference/pipeline-steps-reference/triggers-reference.md) in "/Users/douglasbothwell/Desktop/docu-test/TEST-008/developer-hub/docs/continuous-integration/ci-technical-reference/built-in-cie-codebase-variables-reference.md" for version current
[WARNING] Docs markdown link couldn't be resolved: (../../../harness-platform/platform-technical-reference/ref-access-management/permissions-reference.md./docs/harness-platform/platform-technical-reference/ref-access-management/permissions-reference.md) in "/Users/douglasbothwell/Desktop/docu-test/TEST-008/developer-hub/docs/continuous-integration/use-ci/build-and-upload-artifacts/modify-and-override-build-settings-before-a-build.md" for version current
[WARNING] Docs markdown link couldn't be resolved: (../../../harness-platform/platform-how-tos/delegates/install-delegate/delegate-install-docker/install-a-docker-delegate.md./docs/harness-platform/platform-how-tos/delegates/install-delegate/delegate-install-docker/install-a-docker-delegate.md) in "/Users/douglasbothwell/Desktop/docu-test/TEST-008/developer-hub/docs/continuous-integration/use-ci/set-up-build-infrastructure/define-a-ci-build-infrastructure-in-azure.md" for version current

‚óè Client ‚ñà‚ñà‚ñà‚ñà‚ñà‚ñà‚ñà‚ñà‚ñà‚ñà‚ñà‚ñà‚ñà‚ñà‚ñà‚ñà‚ñà‚ñà‚ñà‚ñà‚ñà‚ñà‚ñà‚ñà‚ñà building (46%) 2/3 entries 4042/4052 dependencies 1441/1582 modules 139 active 
 css-loader ‚Ä∫ postcss-loader ‚Ä∫ node_modules/@docusaurus/theme-classic/lib/theme/ColorModeToggle/styles.module.css|0

[WARNING] Docs markdown link couldn't be resolved: (../../harness-platform/platform-technical-reference/pipeline-steps-reference/triggers-reference.md./docs/harness-platform/platform-technical-reference/pipeline-steps-reference/triggers-reference.md) in "/Users/douglasbothwell/Desktop/docu-test/TEST-008/developer-hub/docs/continuous-integration/ci-technical-reference/built-in-cie-codebase-variables-reference.md" for version current
[WARNING] Docs markdown link couldn't be resolved: (../../../harness-platform/platform-technical-reference/ref-access-management/permissions-reference.md./docs/harness-platform/platform-technical-reference/ref-access-management/permissions-reference.md) in "/Users/douglasbothwell/Desktop/docu-test/TEST-008/developer-hub/docs/continuous-integration/use-ci/build-and-upload-artifacts/modify-and-override-build-settings-before-a-build.md" for version current
[WARNING] Docs markdown link couldn't be resolved: (../../../harness-platform/platform-how-tos/delegates/install-delegate/delegate-install-docker/install-a-docker-delegate.md./docs/harness-platform/platform-how-tos/delegates/install-delegate/delegate-install-docker/install-a-docker-delegate.md) in "/Users/douglasbothwell/Desktop/docu-test/TEST-008/developer-hub/docs/continuous-integration/use-ci/set-up-build-infrastructure/define-a-ci-build-infrastructure-in-azure.md" for version current

‚óè Client ‚ñà‚ñà‚ñà‚ñà‚ñà‚ñà‚ñà‚ñà‚ñà‚ñà‚ñà‚ñà‚ñà‚ñà‚ñà‚ñà‚ñà‚ñà‚ñà‚ñà‚ñà‚ñà‚ñà‚ñà‚ñà building (46%) 2/3 entries 4112/4116 dependencies 1476/1621 modules 123 active 
 node_modules/lodash/_getAllKeys.js

[WARNING] Docs markdown link couldn't be resolved: (../../harness-platform/platform-technical-reference/pipeline-steps-reference/triggers-reference.md./docs/harness-platform/platform-technical-reference/pipeline-steps-reference/triggers-reference.md) in "/Users/douglasbothwell/Desktop/docu-test/TEST-008/developer-hub/docs/continuous-integration/ci-technical-reference/built-in-cie-codebase-variables-reference.md" for version current
[WARNING] Docs markdown link couldn't be resolved: (../../../harness-platform/platform-technical-reference/ref-access-management/permissions-reference.md./docs/harness-platform/platform-technical-reference/ref-access-management/permissions-reference.md) in "/Users/douglasbothwell/Desktop/docu-test/TEST-008/developer-hub/docs/continuous-integration/use-ci/build-and-upload-artifacts/modify-and-override-build-settings-before-a-build.md" for version current
[WARNING] Docs markdown link couldn't be resolved: (../../../harness-platform/platform-how-tos/delegates/install-delegate/delegate-install-docker/install-a-docker-delegate.md./docs/harness-platform/platform-how-tos/delegates/install-delegate/delegate-install-docker/install-a-docker-delegate.md) in "/Users/douglasbothwell/Desktop/docu-test/TEST-008/developer-hub/docs/continuous-integration/use-ci/set-up-build-infrastructure/define-a-ci-build-infrastructure-in-azure.md" for version current

‚óè Client ‚ñà‚ñà‚ñà‚ñà‚ñà‚ñà‚ñà‚ñà‚ñà‚ñà‚ñà‚ñà‚ñà‚ñà‚ñà‚ñà‚ñà‚ñà‚ñà‚ñà‚ñà‚ñà‚ñà‚ñà‚ñà building (46%) 2/3 entries 4249/4251 dependencies 1542/1662 modules 106 active 
 node_modules/lodash/_arrayPush.js

[WARNING] Docs markdown link couldn't be resolved: (../../harness-platform/platform-technical-reference/pipeline-steps-reference/triggers-reference.md./docs/harness-platform/platform-technical-reference/pipeline-steps-reference/triggers-reference.md) in "/Users/douglasbothwell/Desktop/docu-test/TEST-008/developer-hub/docs/continuous-integration/ci-technical-reference/built-in-cie-codebase-variables-reference.md" for version current
[WARNING] Docs markdown link couldn't be resolved: (../../../harness-platform/platform-technical-reference/ref-access-management/permissions-reference.md./docs/harness-platform/platform-technical-reference/ref-access-management/permissions-reference.md) in "/Users/douglasbothwell/Desktop/docu-test/TEST-008/developer-hub/docs/continuous-integration/use-ci/build-and-upload-artifacts/modify-and-override-build-settings-before-a-build.md" for version current
[WARNING] Docs markdown link couldn't be resolved: (../../../harness-platform/platform-how-tos/delegates/install-delegate/delegate-install-docker/install-a-docker-delegate.md./docs/harness-platform/platform-how-tos/delegates/install-delegate/delegate-install-docker/install-a-docker-delegate.md) in "/Users/douglasbothwell/Desktop/docu-test/TEST-008/developer-hub/docs/continuous-integration/use-ci/set-up-build-infrastructure/define-a-ci-build-infrastructure-in-azure.md" for version current

‚óè Client ‚ñà‚ñà‚ñà‚ñà‚ñà‚ñà‚ñà‚ñà‚ñà‚ñà‚ñà‚ñà‚ñà‚ñà‚ñà‚ñà‚ñà‚ñà‚ñà‚ñà‚ñà‚ñà‚ñà‚ñà‚ñà building (46%) 2/3 entries 4353/4354 dependencies 1637/1688 modules 50 active 
 css-loader ‚Ä∫ postcss-loader ‚Ä∫ node_modules/@docusaurus/theme-classic/lib/theme/DocSidebar/Desktop/CollapseButton/styles.module.css|0

[WARNING] Docs markdown link couldn't be resolved: (../../harness-platform/platform-technical-reference/pipeline-steps-reference/triggers-reference.md./docs/harness-platform/platform-technical-reference/pipeline-steps-reference/triggers-reference.md) in "/Users/douglasbothwell/Desktop/docu-test/TEST-008/developer-hub/docs/continuous-integration/ci-technical-reference/built-in-cie-codebase-variables-reference.md" for version current
[WARNING] Docs markdown link couldn't be resolved: (../../../harness-platform/platform-technical-reference/ref-access-management/permissions-reference.md./docs/harness-platform/platform-technical-reference/ref-access-management/permissions-reference.md) in "/Users/douglasbothwell/Desktop/docu-test/TEST-008/developer-hub/docs/continuous-integration/use-ci/build-and-upload-artifacts/modify-and-override-build-settings-before-a-build.md" for version current
[WARNING] Docs markdown link couldn't be resolved: (../../../harness-platform/platform-how-tos/delegates/install-delegate/delegate-install-docker/install-a-docker-delegate.md./docs/harness-platform/platform-how-tos/delegates/install-delegate/delegate-install-docker/install-a-docker-delegate.md) in "/Users/douglasbothwell/Desktop/docu-test/TEST-008/developer-hub/docs/continuous-integration/use-ci/set-up-build-infrastructure/define-a-ci-build-infrastructure-in-azure.md" for version current

‚óè Client ‚ñà‚ñà‚ñà‚ñà‚ñà‚ñà‚ñà‚ñà‚ñà‚ñà‚ñà‚ñà‚ñà‚ñà‚ñà‚ñà‚ñà‚ñà‚ñà‚ñà‚ñà‚ñà‚ñà‚ñà‚ñà sealing (70%)  
 finish module graph

[WARNING] Docs markdown link couldn't be resolved: (../../harness-platform/platform-technical-reference/pipeline-steps-reference/triggers-reference.md./docs/harness-platform/platform-technical-reference/pipeline-steps-reference/triggers-reference.md) in "/Users/douglasbothwell/Desktop/docu-test/TEST-008/developer-hub/docs/continuous-integration/ci-technical-reference/built-in-cie-codebase-variables-reference.md" for version current
[WARNING] Docs markdown link couldn't be resolved: (../../../harness-platform/platform-technical-reference/ref-access-management/permissions-reference.md./docs/harness-platform/platform-technical-reference/ref-access-management/permissions-reference.md) in "/Users/douglasbothwell/Desktop/docu-test/TEST-008/developer-hub/docs/continuous-integration/use-ci/build-and-upload-artifacts/modify-and-override-build-settings-before-a-build.md" for version current
[WARNING] Docs markdown link couldn't be resolved: (../../../harness-platform/platform-how-tos/delegates/install-delegate/delegate-install-docker/install-a-docker-delegate.md./docs/harness-platform/platform-how-tos/delegates/install-delegate/delegate-install-docker/install-a-docker-delegate.md) in "/Users/douglasbothwell/Desktop/docu-test/TEST-008/developer-hub/docs/continuous-integration/use-ci/set-up-build-infrastructure/define-a-ci-build-infrastructure-in-azure.md" for version current

‚óè Client ‚ñà‚ñà‚ñà‚ñà‚ñà‚ñà‚ñà‚ñà‚ñà‚ñà‚ñà‚ñà‚ñà‚ñà‚ñà‚ñà‚ñà‚ñà‚ñà‚ñà‚ñà‚ñà‚ñà‚ñà‚ñà sealing (73%)  
 after chunk graph

[WARNING] Docs markdown link couldn't be resolved: (../../harness-platform/platform-technical-reference/pipeline-steps-reference/triggers-reference.md./docs/harness-platform/platform-technical-reference/pipeline-steps-reference/triggers-reference.md) in "/Users/douglasbothwell/Desktop/docu-test/TEST-008/developer-hub/docs/continuous-integration/ci-technical-reference/built-in-cie-codebase-variables-reference.md" for version current
[WARNING] Docs markdown link couldn't be resolved: (../../../harness-platform/platform-technical-reference/ref-access-management/permissions-reference.md./docs/harness-platform/platform-technical-reference/ref-access-management/permissions-reference.md) in "/Users/douglasbothwell/Desktop/docu-test/TEST-008/developer-hub/docs/continuous-integration/use-ci/build-and-upload-artifacts/modify-and-override-build-settings-before-a-build.md" for version current
[WARNING] Docs markdown link couldn't be resolved: (../../../harness-platform/platform-how-tos/delegates/install-delegate/delegate-install-docker/install-a-docker-delegate.md./docs/harness-platform/platform-how-tos/delegates/install-delegate/delegate-install-docker/install-a-docker-delegate.md) in "/Users/douglasbothwell/Desktop/docu-test/TEST-008/developer-hub/docs/continuous-integration/use-ci/set-up-build-infrastructure/define-a-ci-build-infrastructure-in-azure.md" for version current

‚óè Client ‚ñà‚ñà‚ñà‚ñà‚ñà‚ñà‚ñà‚ñà‚ñà‚ñà‚ñà‚ñà‚ñà‚ñà‚ñà‚ñà‚ñà‚ñà‚ñà‚ñà‚ñà‚ñà‚ñà‚ñà‚ñà sealing (87%)  
 code generation

[WARNING] Docs markdown link couldn't be resolved: (../../harness-platform/platform-technical-reference/pipeline-steps-reference/triggers-reference.md./docs/harness-platform/platform-technical-reference/pipeline-steps-reference/triggers-reference.md) in "/Users/douglasbothwell/Desktop/docu-test/TEST-008/developer-hub/docs/continuous-integration/ci-technical-reference/built-in-cie-codebase-variables-reference.md" for version current
[WARNING] Docs markdown link couldn't be resolved: (../../../harness-platform/platform-technical-reference/ref-access-management/permissions-reference.md./docs/harness-platform/platform-technical-reference/ref-access-management/permissions-reference.md) in "/Users/douglasbothwell/Desktop/docu-test/TEST-008/developer-hub/docs/continuous-integration/use-ci/build-and-upload-artifacts/modify-and-override-build-settings-before-a-build.md" for version current
[WARNING] Docs markdown link couldn't be resolved: (../../../harness-platform/platform-how-tos/delegates/install-delegate/delegate-install-docker/install-a-docker-delegate.md./docs/harness-platform/platform-how-tos/delegates/install-delegate/delegate-install-docker/install-a-docker-delegate.md) in "/Users/douglasbothwell/Desktop/docu-test/TEST-008/developer-hub/docs/continuous-integration/use-ci/set-up-build-infrastructure/define-a-ci-build-infrastructure-in-azure.md" for version current

‚óè Client ‚ñà‚ñà‚ñà‚ñà‚ñà‚ñà‚ñà‚ñà‚ñà‚ñà‚ñà‚ñà‚ñà‚ñà‚ñà‚ñà‚ñà‚ñà‚ñà‚ñà‚ñà‚ñà‚ñà‚ñà‚ñà sealing (88%)  
 runtime requirements

[WARNING] Docs markdown link couldn't be resolved: (../../harness-platform/platform-technical-reference/pipeline-steps-reference/triggers-reference.md./docs/harness-platform/platform-technical-reference/pipeline-steps-reference/triggers-reference.md) in "/Users/douglasbothwell/Desktop/docu-test/TEST-008/developer-hub/docs/continuous-integration/ci-technical-reference/built-in-cie-codebase-variables-reference.md" for version current
[WARNING] Docs markdown link couldn't be resolved: (../../../harness-platform/platform-technical-reference/ref-access-management/permissions-reference.md./docs/harness-platform/platform-technical-reference/ref-access-management/permissions-reference.md) in "/Users/douglasbothwell/Desktop/docu-test/TEST-008/developer-hub/docs/continuous-integration/use-ci/build-and-upload-artifacts/modify-and-override-build-settings-before-a-build.md" for version current
[WARNING] Docs markdown link couldn't be resolved: (../../../harness-platform/platform-how-tos/delegates/install-delegate/delegate-install-docker/install-a-docker-delegate.md./docs/harness-platform/platform-how-tos/delegates/install-delegate/delegate-install-docker/install-a-docker-delegate.md) in "/Users/douglasbothwell/Desktop/docu-test/TEST-008/developer-hub/docs/continuous-integration/use-ci/set-up-build-infrastructure/define-a-ci-build-infrastructure-in-azure.md" for version current

‚óè Client ‚ñà‚ñà‚ñà‚ñà‚ñà‚ñà‚ñà‚ñà‚ñà‚ñà‚ñà‚ñà‚ñà‚ñà‚ñà‚ñà‚ñà‚ñà‚ñà‚ñà‚ñà‚ñà‚ñà‚ñà‚ñà sealing (89%)  
 after hashing

[WARNING] Docs markdown link couldn't be resolved: (../../harness-platform/platform-technical-reference/pipeline-steps-reference/triggers-reference.md./docs/harness-platform/platform-technical-reference/pipeline-steps-reference/triggers-reference.md) in "/Users/douglasbothwell/Desktop/docu-test/TEST-008/developer-hub/docs/continuous-integration/ci-technical-reference/built-in-cie-codebase-variables-reference.md" for version current
[WARNING] Docs markdown link couldn't be resolved: (../../../harness-platform/platform-technical-reference/ref-access-management/permissions-reference.md./docs/harness-platform/platform-technical-reference/ref-access-management/permissions-reference.md) in "/Users/douglasbothwell/Desktop/docu-test/TEST-008/developer-hub/docs/continuous-integration/use-ci/build-and-upload-artifacts/modify-and-override-build-settings-before-a-build.md" for version current
[WARNING] Docs markdown link couldn't be resolved: (../../../harness-platform/platform-how-tos/delegates/install-delegate/delegate-install-docker/install-a-docker-delegate.md./docs/harness-platform/platform-how-tos/delegates/install-delegate/delegate-install-docker/install-a-docker-delegate.md) in "/Users/douglasbothwell/Desktop/docu-test/TEST-008/developer-hub/docs/continuous-integration/use-ci/set-up-build-infrastructure/define-a-ci-build-infrastructure-in-azure.md" for version current

‚óè Client ‚ñà‚ñà‚ñà‚ñà‚ñà‚ñà‚ñà‚ñà‚ñà‚ñà‚ñà‚ñà‚ñà‚ñà‚ñà‚ñà‚ñà‚ñà‚ñà‚ñà‚ñà‚ñà‚ñà‚ñà‚ñà sealing (92%)  
 asset processing

[WARNING] Docs markdown link couldn't be resolved: (../../harness-platform/platform-technical-reference/pipeline-steps-reference/triggers-reference.md./docs/harness-platform/platform-technical-reference/pipeline-steps-reference/triggers-reference.md) in "/Users/douglasbothwell/Desktop/docu-test/TEST-008/developer-hub/docs/continuous-integration/ci-technical-reference/built-in-cie-codebase-variables-reference.md" for version current
[WARNING] Docs markdown link couldn't be resolved: (../../../harness-platform/platform-technical-reference/ref-access-management/permissions-reference.md./docs/harness-platform/platform-technical-reference/ref-access-management/permissions-reference.md) in "/Users/douglasbothwell/Desktop/docu-test/TEST-008/developer-hub/docs/continuous-integration/use-ci/build-and-upload-artifacts/modify-and-override-build-settings-before-a-build.md" for version current
[WARNING] Docs markdown link couldn't be resolved: (../../../harness-platform/platform-how-tos/delegates/install-delegate/delegate-install-docker/install-a-docker-delegate.md./docs/harness-platform/platform-how-tos/delegates/install-delegate/delegate-install-docker/install-a-docker-delegate.md) in "/Users/douglasbothwell/Desktop/docu-test/TEST-008/developer-hub/docs/continuous-integration/use-ci/set-up-build-infrastructure/define-a-ci-build-infrastructure-in-azure.md" for version current

‚óè Client ‚ñà‚ñà‚ñà‚ñà‚ñà‚ñà‚ñà‚ñà‚ñà‚ñà‚ñà‚ñà‚ñà‚ñà‚ñà‚ñà‚ñà‚ñà‚ñà‚ñà‚ñà‚ñà‚ñà‚ñà‚ñà emitting (98%)  
 after emit

[WARNING] Docs markdown link couldn't be resolved: (../../harness-platform/platform-technical-reference/pipeline-steps-reference/triggers-reference.md./docs/harness-platform/platform-technical-reference/pipeline-steps-reference/triggers-reference.md) in "/Users/douglasbothwell/Desktop/docu-test/TEST-008/developer-hub/docs/continuous-integration/ci-technical-reference/built-in-cie-codebase-variables-reference.md" for version current
[WARNING] Docs markdown link couldn't be resolved: (../../../harness-platform/platform-technical-reference/ref-access-management/permissions-reference.md./docs/harness-platform/platform-technical-reference/ref-access-management/permissions-reference.md) in "/Users/douglasbothwell/Desktop/docu-test/TEST-008/developer-hub/docs/continuous-integration/use-ci/build-and-upload-artifacts/modify-and-override-build-settings-before-a-build.md" for version current
[WARNING] Docs markdown link couldn't be resolved: (../../../harness-platform/platform-how-tos/delegates/install-delegate/delegate-install-docker/install-a-docker-delegate.md./docs/harness-platform/platform-how-tos/delegates/install-delegate/delegate-install-docker/install-a-docker-delegate.md) in "/Users/douglasbothwell/Desktop/docu-test/TEST-008/developer-hub/docs/continuous-integration/use-ci/set-up-build-infrastructure/define-a-ci-build-infrastructure-in-azure.md" for version current

‚úñ Client
  Compiled with some errors in 14.25s

[WARNING] Docs markdown link couldn't be resolved: (../../harness-platform/platform-technical-reference/pipeline-steps-reference/triggers-reference.md./docs/harness-platform/platform-technical-reference/pipeline-steps-reference/triggers-reference.md) in "/Users/douglasbothwell/Desktop/docu-test/TEST-008/developer-hub/docs/continuous-integration/ci-technical-reference/built-in-cie-codebase-variables-reference.md" for version current
[WARNING] Docs markdown link couldn't be resolved: (../../../harness-platform/platform-technical-reference/ref-access-management/permissions-reference.md./docs/harness-platform/platform-technical-reference/ref-access-management/permissions-reference.md) in "/Users/douglasbothwell/Desktop/docu-test/TEST-008/developer-hub/docs/continuous-integration/use-ci/build-and-upload-artifacts/modify-and-override-build-settings-before-a-build.md" for version current
[WARNING] Docs markdown link couldn't be resolved: (../../../harness-platform/platform-how-tos/delegates/install-delegate/delegate-install-docker/install-a-docker-delegate.md./docs/harness-platform/platform-how-tos/delegates/install-delegate/delegate-install-docker/install-a-docker-delegate.md) in "/Users/douglasbothwell/Desktop/docu-test/TEST-008/developer-hub/docs/continuous-integration/use-ci/set-up-build-infrastructure/define-a-ci-build-infrastructure-in-azure.md" for version current
[WARNING] Docs markdown link couldn't be resolved: (../../../harness-platform/platform-technical-reference/ref-cloud-providers/kubernetes-cluster-connector-settings-reference.md./docs/harness-platform/platform-technical-reference/ref-cloud-providers/kubernetes-cluster-connector-settings-reference.md) in "/Users/douglasbothwell/Desktop/docu-test/TEST-008/developer-hub/docs/continuous-integration/use-ci/set-up-build-infrastructure/set-up-a-kubernetes-cluster-build-infrastructure.md" for version current
[WARNING] Docs markdown link couldn't be resolved: (../../../harness-platform/platform-technical-reference/ref-cloud-providers/kubernetes-cluster-connector-settings-reference.md./docs/harness-platform/platform-technical-reference/ref-cloud-providers/kubernetes-cluster-connector-settings-reference.md) in "/Users/douglasbothwell/Desktop/docu-test/TEST-008/developer-hub/docs/continuous-integration/use-ci/set-up-build-infrastructure/set-up-a-kubernetes-cluster-build-infrastructure.md" for version current
[WARNING] Docs markdown link couldn't be resolved: (../../../harness-platform/platform-how-tos/delegates/install-delegate/delegate-install-docker/install-a-docker-delegate.md./docs/harness-platform/platform-how-tos/delegates/install-delegate/delegate-install-docker/install-a-docker-delegate.md) in "/Users/douglasbothwell/Desktop/docu-test/TEST-008/developer-hub/docs/continuous-integration/use-ci/set-up-build-infrastructure/set-up-an-aws-vm-build-infrastructure.md" for version current
[WARNING] Docs markdown link couldn't be resolved: (../../../harness-platform/platform-how-tos/trigger-category/triggering-pipelines.md./docs/harness-platform/platform-how-tos/trigger-category/triggering-pipelines.md) in "/Users/douglasbothwell/Desktop/docu-test/TEST-008/developer-hub/docs/continuous-integration/use-ci/set-up-test-intelligence/set-up-test-intelligence.md" for version current
[WARNING] Docs markdown link couldn't be resolved: (../../../harness-platform/platform-how-tos/secrets-and-secret-management/add-use-text-secrets.md./docs/harness-platform/platform-how-tos/secrets-and-secret-management/add-use-text-secrets.md) in "/Users/douglasbothwell/Desktop/docu-test/TEST-008/developer-hub/docs/continuous-integration/use-ci/use-drone-plugins/run-a-drone-plugin-in-ci.md" for version current


SyntaxError: /Users/douglasbothwell/Desktop/docu-test/TEST-008/developer-hub/docs/harness-platform/platform-concepts/authentication-overview.md: Expected corresponding JSX closing tag for <>. (68:261)
  66 | </li>
  67 | </ul>
> 68 | <p>{`If you enforce `}<strong parentName="p">{`Have at least one special character`}</strong>{`, each password must include one (or more) of the following characters: `}<inlineCode parentName="p">{`~!@#$%^&*_-+=`}</inlineCode>{`|`}{`(`}{`){}[]:;"'`}<>{`,.?/\``}</p>
     |                                                                                                                                                                                                                                                                      ^
  69 | <h4 {...{"id":"enforce-password-expiration"}}>{`Enforce Password Expiration`}</h4>
  70 | <p>{`Select `}<strong parentName="p">{`Periodically expire passwords`}</strong>{` to set an interval at which users must refresh their Harness passwords. In the same dialog, you can also set an advance notification interval.`}</p>
  71 | <p><img parentName="p" {...{"src":"https://files.helpdocs.io/i5nl071jo5/articles/gdob5gvyco/1623218272636/screenshot-2021-06-09-at-11-03-02-am.png","alt":null}}></img>{`#### Enforce Lockout After Failed Logins`}</p>
SyntaxError: /Users/douglasbothwell/Desktop/docu-test/TEST-008/developer-hub/docs/harness-platform/platform-how-tos/connectors/connect-to-monitoring-and-logging-systems.md: Expected corresponding JSX closing tag for <port>. (32:82)
  30 | <li parentName="ol">{`Click¬†`}<strong parentName="li">{`Continue`}</strong>{`.`}</li>
  31 | <li parentName="ol">{`In the¬†`}<strong parentName="li">{`Controller URL`}</strong>{`¬†field, enter the URL of the AppDynamic controller in the format:`}<br parentName="li"></br>
> 32 | <strong parentName="li">{`http://<Controller`}{`_`}{`Host>:`}<port>{`/controller`}</strong><br parentName="li"></br>
     |                                                                                   ^
  33 | {`For¬†example:`}<br parentName="li"></br>
  34 | <strong parentName="li"><a parentName="strong" {...{"href":"https://xxxx.saas.appdynamics.com/controller"}}>{`https://xxxx.saas.appdynamics.com/controller`}</a></strong></li>
  35 | </ol>
SyntaxError: /Users/douglasbothwell/Desktop/docu-test/TEST-008/developer-hub/docs/harness-platform/platform-how-tos/delegates/delegate-guide/delegate-auto-update.md: Expected corresponding JSX closing tag for <delegate>. (30:67)
  28 | <p><strong parentName="p">{`To update the delegate YAML`}</strong></p>
  29 | <ol>
> 30 | <li parentName="ol">{`Replace `}<em parentName="li"><delegate name></em>{` with the name you gave your delegate. The Harness Delegate image is the latest release image by default.`}</li>
     |                                                                    ^
  31 | <li parentName="ol">{`Replace `}<em parentName="li"><account id></em>{` with your Harness account ID.`}</li>
  32 | </ol>
  33 | <p>{`For an example of a complete Delegate YAML file, see `}<a parentName="p" {...{"href":"/docs/harness-platform/platform-how-tos/delegates/delegate-reference/example-kubernetes-manifest-harness-delegate"}}>{`Example Kubernetes Manifest: Harness Delegate`}</a>{`.`}</p>
SyntaxError: /Users/douglasbothwell/Desktop/docu-test/TEST-008/developer-hub/docs/harness-platform/platform-quickstarts/harness-governance-quickstart.md: Expected corresponding JSX closing tag for <p>. (171:32)
  169 | <p>{`In `}<strong parentName="p">{`Input`}</strong>{`, delete the sample and paste the YAML for the Pipeline we created. You can copy it from earlier in this doc.`}</p>
  170 | <p>{`Since `}<strong parentName="p">{`Input`}</strong>{` only uses JSON and we pasted in YAML, you will see an error like `}<inlineCode parentName="p">{`Unexpected token p in JSON at line 1`}</inlineCode>{`.`}</p>
> 171 | <p>{`Click the format button (`}</>{`) to convert the YAML to JSON.`}</p>
      |                                 ^
  172 | <p><img parentName="p" {...{"src":"https://files.helpdocs.io/i5nl071jo5/articles/jws2znftay/1651859945873/clean-shot-2022-05-06-at-10-58-51.png","alt":null}}></img>{`Harness Pipelines can be created in YAML, but Rego evaluates JSON.In the JSON, you can see the Fully Qualified Names (FQNs) of the labels your Rego references.`}</p>
  173 | <p><img parentName="p" {...{"src":"https://files.helpdocs.io/i5nl071jo5/articles/jws2znftay/1636584242294/clean-shot-2021-11-10-at-14-43-36-2-x.png","alt":null}}></img>{`The input payload contains user `}<inlineCode parentName="p">{`metadata`}</inlineCode>{` for the user that initiated the event. Metadata includes roles, groups, etc, and is added to every evaluation automatically. This can be used for policies where you want to evaluate users.Click `}<strong parentName="p">{`Test`}</strong>{`.`}</p>
  174 | <p>{`In `}<strong parentName="p">{`Output`}</strong>{`, you can see that the Pipeline failed the policy because it is missing an Approval step.`}</p>
client (webpack 5.74.0) compiled with 4 errors and 1 warning
<w> [webpack.cache.PackFileCacheStrategy] Skipped not serializable cache item 'Compilation/modules|/Users/douglasbothwell/Desktop/docu-test/TEST-008/developer-hub/node_modules/css-loader/dist/cjs.js??ruleSet[1].rules[11].oneOf[0].use[1]!/Users/douglasbothwell/Desktop/docu-test/TEST-008/developer-hub/node_modules/postcss-loader/dist/cjs.js??ruleSet[1].rules[11].oneOf[0].use[2]!/Users/douglasbothwell/Desktop/docu-test/TEST-008/developer-hub/node_modules/sass-loader/dist/cjs.js??ruleSet[1].rules[11].oneOf[0].use[3]!/Users/douglasbothwell/Desktop/docu-test/TEST-008/developer-hub/src/pages/index.module.scss': No serializer registered for Warning
<w> while serializing webpack/lib/cache/PackFileCacheStrategy.PackContentItems -> webpack/lib/NormalModule -> Array { 1 items } -> webpack/lib/ModuleWarning -> Warning

